#
# A fatal error has been detected by the Java Runtime Environment:
#
#  SIGBUS (0xa) at pc=0x0000000108deee92, pid=81687, tid=0x0000000000000a0b
#
# JRE version: Java(TM) SE Runtime Environment (8.0_112-b16) (build 1.8.0_112-b16)
# Java VM: Java HotSpot(TM) 64-Bit Server VM (25.112-b16 mixed mode bsd-amd64 compressed oops)
# Problematic frame:
# C  [libzip.dylib+0x2e92]  newEntry+0x154
#
# Failed to write core dump. Core dumps have been disabled. To enable core dumping, try "ulimit -c unlimited" before starting Java again
#
# If you would like to submit a bug report, please visit:
#   http://bugreport.java.com/bugreport/crash.jsp
# The crash happened outside the Java Virtual Machine in native code.
# See problematic frame for where to report the bug.
#

---------------  T H R E A D  ---------------

Current thread (0x00007f85f7885000):  JavaThread "JavaFX Application Thread" [_thread_in_native, id=2571, stack(0x00007fff568de000,0x00007fff570de000)]

siginfo: si_signo: 10 (SIGBUS), si_code: 2 (BUS_ADRERR), si_addr: 0x00000001293df86a

Registers:
RAX=0x00007f85f60b8480, RBX=0x00000001293df85e, RCX=0x0000000000000b00, RDX=0x0000000000000000
RSP=0x00007fff570d7160, RBP=0x00007fff570d71c0, RSI=0x00007f85f6000000, RDI=0x0000000108b40a00
R8 =0x0000000000000004, R9 =0x00000000fffffffc, R10=0x000000010af91a18, R11=0x00007ff7e5514f2e
R12=0x00007f85f60b8640, R13=0x0000000000000020, R14=0x000000004eecb6d3, R15=0x00007f85f60b87d0
RIP=0x0000000108deee92, EFLAGS=0x0000000000010202, ERR=0x0000000000000004
  TRAPNO=0x000000000000000e

Top of Stack: (sp=0x00007fff570d7160)
0x00007fff570d7160:   00000007c03d41d0 00000000fa3274b0
0x00007fff570d7170:   00000007c03d41d0 0000000123f66590
0x00007fff570d7180:   00007fff570d71a0 00007f85f60b8480
0x00007fff570d7190:   00007f85f60bcdd0 00007f85f60b8480
0x00007fff570d71a0:   00007f85f60b8640 0000000000000020
0x00007fff570d71b0:   000000004eecb6d3 00007f85f60b87d0
0x00007fff570d71c0:   00007fff570d7220 0000000108def52d
0x00007fff570d71d0:   00007fff570d724f 00007fff570d724e
0x00007fff570d71e0:   0000000f00000000 0000001000885000
0x00007fff570d71f0:   00007fff570d723e 00007fff570d7688
0x00007fff570d7200:   0000000000000010 00007fff570d723e
0x00007fff570d7210:   00007f85f60b8480 00007f85f78851f8
0x00007fff570d7220:   00007fff570d7670 0000000108dee238
0x00007fff570d7230:   00000000ffffffff 6f64000000000000
0x00007fff570d7240:   612f73706f725063 00006c6d782e7070
0x00007fff570d7250:   0000000132d9a660 00007f85f7885000
0x00007fff570d7260:   0000000132d9a660 00000000ffffffff
0x00007fff570d7270:   00007fff570d72b0 0000000109fab6d7
0x00007fff570d7280:   0000000132d9a660 00007f85f7885000
0x00007fff570d7290:   0000000132d9a660 00000000ffffffff
0x00007fff570d72a0:   0000000132d9a660 0000000132d9a660
0x00007fff570d72b0:   00007fff570d72f0 0000000109fabd2a
0x00007fff570d72c0:   0000000132d9a660 00007f85f7885000
0x00007fff570d72d0:   0000000000000000 0000000132d9a660
0x00007fff570d72e0:   0000000000000001 00007fff570d73b8
0x00007fff570d72f0:   00007fff570d7380 000000010a1cbf3c
0x00007fff570d7300:   00000007c02fae90 0000000132d9a660
0x00007fff570d7310:   00007f85f7885000 000000010a1cab89
0x00007fff570d7320:   00007f8500000001 00007f85f7885000
0x00007fff570d7330:   00007fff570d7350 0000000132d9a660
0x00007fff570d7340:   00007fff570d7360 0000000132d9a660
0x00007fff570d7350:   0000000132d9a660 0000000132d9a660 

Instructions: (pc=0x0000000108deee92)
0x0000000108deee72:   49 8b 7f 38 e8 5b 1b 00 00 4d 89 77 38 49 89 5f
0x0000000108deee82:   40 4c 89 f0 48 85 c0 0f 84 11 05 00 00 48 89 c3
0x0000000108deee92:   0f b6 43 0c 0f b6 4b 0d 48 c1 e1 08 48 01 c1 0f
0x0000000108deeea2:   b6 43 0e 0f b6 53 0f 48 c1 e2 08 48 01 c2 48 c1 

Register to memory mapping:

RAX=0x00007f85f60b8480 is an unknown value
RBX=0x00000001293df85e is an unknown value
RCX=0x0000000000000b00 is an unknown value
RDX=0x0000000000000000 is an unknown value
RSP=0x00007fff570d7160 is pointing into the stack for thread: 0x00007f85f7885000
RBP=0x00007fff570d71c0 is pointing into the stack for thread: 0x00007f85f7885000
RSI=0x00007f85f6000000 is an unknown value
RDI=0x0000000108b40a00 is an unknown value
R8 =0x0000000000000004 is an unknown value
R9 =0x00000000fffffffc is an unknown value
R10=0x000000010af91a18 is at entry_point+88 in (nmethod*)0x000000010af91850
R11=0x00007ff7e5514f2e is an unknown value
R12=0x00007f85f60b8640 is an unknown value
R13=0x0000000000000020 is an unknown value
R14=0x000000004eecb6d3 is an unknown value
R15=0x00007f85f60b87d0 is an unknown value


Stack: [0x00007fff568de000,0x00007fff570de000],  sp=0x00007fff570d7160,  free space=8164k
Native frames: (J=compiled Java code, j=interpreted, Vv=VM code, C=native code)
C  [libzip.dylib+0x2e92]  newEntry+0x154
C  [libzip.dylib+0x352d]  ZIP_GetEntry2+0xd4
C  [libzip.dylib+0x2238]  Java_java_util_zip_ZipFile_getEntry+0xcf
J 351  java.util.zip.ZipFile.getEntry(J[BZ)J (0 bytes) @ 0x000000010af91a8e [0x000000010af919c0+0xce]
J 444 C1 java.util.zip.ZipFile.getInputStream(Ljava/util/zip/ZipEntry;)Ljava/io/InputStream; (304 bytes) @ 0x000000010afd930c [0x000000010afd8f80+0x38c]
j  org.apache.poi.openxml4j.util.ZipSecureFile.getInputStream(Ljava/util/zip/ZipEntry;)Ljava/io/InputStream;+2
j  org.apache.poi.openxml4j.util.ZipFileZipEntrySource.getInputStream(Ljava/util/zip/ZipEntry;)Ljava/io/InputStream;+22
j  org.apache.poi.openxml4j.opc.ZipPackagePart.getInputStreamImpl()Ljava/io/InputStream;+14
j  org.apache.poi.openxml4j.opc.PackagePart.getInputStream()Ljava/io/InputStream;+1
j  org.apache.poi.POIXMLProperties.<init>(Lorg/apache/poi/openxml4j/opc/OPCPackage;)V+69
j  org.apache.poi.POIXMLDocument.getProperties()Lorg/apache/poi/POIXMLProperties;+16
j  org.apache.poi.POIXMLDocument.write(Ljava/io/OutputStream;)V+39
j  com.steph.mavenjavafx05.sSQLiteManager.appendResultSetAsSheetToExcelFile(Ljava/sql/ResultSet;Ljava/lang/String;Ljava/lang/String;)V+317
j  com.steph.mavenjavafx05.FXMLController.OnAction_BTN_2_CALCUL_HEURES(Ljavafx/event/ActionEvent;)V+272
v  ~StubRoutines::call_stub
V  [libjvm.dylib+0x2edbd2]
V  [libjvm.dylib+0x4d28c0]
V  [libjvm.dylib+0x4d2df4]
V  [libjvm.dylib+0x345fb4]
j  sun.reflect.NativeMethodAccessorImpl.invoke0(Ljava/lang/reflect/Method;Ljava/lang/Object;[Ljava/lang/Object;)Ljava/lang/Object;+0
j  sun.reflect.NativeMethodAccessorImpl.invoke(Ljava/lang/Object;[Ljava/lang/Object;)Ljava/lang/Object;+100
J 786 C1 sun.reflect.DelegatingMethodAccessorImpl.invoke(Ljava/lang/Object;[Ljava/lang/Object;)Ljava/lang/Object; (10 bytes) @ 0x000000010b0b898c [0x000000010b0b8880+0x10c]
J 785 C1 java.lang.reflect.Method.invoke(Ljava/lang/Object;[Ljava/lang/Object;)Ljava/lang/Object; (62 bytes) @ 0x000000010b0b7e1c [0x000000010b0b7a20+0x3fc]
J 851 C1 sun.reflect.GeneratedMethodAccessor1.invoke(Ljava/lang/Object;[Ljava/lang/Object;)Ljava/lang/Object; (65 bytes) @ 0x000000010b0f127c [0x000000010b0f0ec0+0x3bc]
J 786 C1 sun.reflect.DelegatingMethodAccessorImpl.invoke(Ljava/lang/Object;[Ljava/lang/Object;)Ljava/lang/Object; (10 bytes) @ 0x000000010b0b898c [0x000000010b0b8880+0x10c]
J 785 C1 java.lang.reflect.Method.invoke(Ljava/lang/Object;[Ljava/lang/Object;)Ljava/lang/Object; (62 bytes) @ 0x000000010b0b7e1c [0x000000010b0b7a20+0x3fc]
J 824 C1 sun.reflect.misc.MethodUtil.invoke(Ljava/lang/reflect/Method;Ljava/lang/Object;[Ljava/lang/Object;)Ljava/lang/Object; (111 bytes) @ 0x000000010b0e414c [0x000000010b0e3c80+0x4cc]
j  javafx.fxml.FXMLLoader$MethodHandler.invoke([Ljava/lang/Object;)V+19
j  javafx.fxml.FXMLLoader$ControllerMethodEventHandler.handle(Ljavafx/event/Event;)V+12
j  com.sun.javafx.event.CompositeEventHandler.dispatchBubblingEvent(Ljavafx/event/Event;)V+51
J 2315 C1 com.sun.javafx.event.EventHandlerManager.dispatchBubblingEvent(Ljavafx/event/EventType;Ljavafx/event/Event;)Ljavafx/event/Event; (34 bytes) @ 0x000000010b5135e4 [0x000000010b513080+0x564]
j  com.sun.javafx.event.EventHandlerManager.dispatchBubblingEvent(Ljavafx/event/Event;)Ljavafx/event/Event;+8
j  com.sun.javafx.event.CompositeEventDispatcher.dispatchBubblingEvent(Ljavafx/event/Event;)Ljavafx/event/Event;+11
J 2398 C1 com.sun.javafx.event.BasicEventDispatcher.dispatchEvent(Ljavafx/event/Event;Ljavafx/event/EventDispatchChain;)Ljavafx/event/Event; (44 bytes) @ 0x000000010b538e7c [0x000000010b538b40+0x33c]
J 2322 C1 com.sun.javafx.event.EventDispatchChainImpl.dispatchEvent(Ljavafx/event/Event;)Ljavafx/event/Event; (101 bytes) @ 0x000000010b515f94 [0x000000010b515de0+0x1b4]
J 2398 C1 com.sun.javafx.event.BasicEventDispatcher.dispatchEvent(Ljavafx/event/Event;Ljavafx/event/EventDispatchChain;)Ljavafx/event/Event; (44 bytes) @ 0x000000010b538d94 [0x000000010b538b40+0x254]
J 2322 C1 com.sun.javafx.event.EventDispatchChainImpl.dispatchEvent(Ljavafx/event/Event;)Ljavafx/event/Event; (101 bytes) @ 0x000000010b515f94 [0x000000010b515de0+0x1b4]
J 2398 C1 com.sun.javafx.event.BasicEventDispatcher.dispatchEvent(Ljavafx/event/Event;Ljavafx/event/EventDispatchChain;)Ljavafx/event/Event; (44 bytes) @ 0x000000010b538d94 [0x000000010b538b40+0x254]
J 2322 C1 com.sun.javafx.event.EventDispatchChainImpl.dispatchEvent(Ljavafx/event/Event;)Ljavafx/event/Event; (101 bytes) @ 0x000000010b515f94 [0x000000010b515de0+0x1b4]
J 2398 C1 com.sun.javafx.event.BasicEventDispatcher.dispatchEvent(Ljavafx/event/Event;Ljavafx/event/EventDispatchChain;)Ljavafx/event/Event; (44 bytes) @ 0x000000010b538d94 [0x000000010b538b40+0x254]
J 2322 C1 com.sun.javafx.event.EventDispatchChainImpl.dispatchEvent(Ljavafx/event/Event;)Ljavafx/event/Event; (101 bytes) @ 0x000000010b515f94 [0x000000010b515de0+0x1b4]
j  com.sun.javafx.event.EventUtil.fireEventImpl(Ljavafx/event/EventDispatchChain;Ljavafx/event/EventTarget;Ljavafx/event/Event;)Ljavafx/event/Event;+10
j  com.sun.javafx.event.EventUtil.fireEvent(Ljavafx/event/EventTarget;Ljavafx/event/Event;)Ljavafx/event/Event;+37
j  javafx.event.Event.fireEvent(Ljavafx/event/EventTarget;Ljavafx/event/Event;)V+30
j  javafx.scene.Node.fireEvent(Ljavafx/event/Event;)V+86
j  javafx.scene.control.Button.fire()V+15
j  com.sun.javafx.scene.control.behavior.ButtonBehavior.mouseReleased(Ljavafx/scene/input/MouseEvent;)V+23
j  com.sun.javafx.scene.control.skin.BehaviorSkinBase$1.handle(Ljavafx/scene/input/MouseEvent;)V+83
j  com.sun.javafx.scene.control.skin.BehaviorSkinBase$1.handle(Ljavafx/event/Event;)V+5
j  com.sun.javafx.event.CompositeEventHandler$NormalEventHandlerRecord.handleBubblingEvent(Ljavafx/event/Event;)V+5
j  com.sun.javafx.event.CompositeEventHandler.dispatchBubblingEvent(Ljavafx/event/Event;)V+28
J 2315 C1 com.sun.javafx.event.EventHandlerManager.dispatchBubblingEvent(Ljavafx/event/EventType;Ljavafx/event/Event;)Ljavafx/event/Event; (34 bytes) @ 0x000000010b5135e4 [0x000000010b513080+0x564]
j  com.sun.javafx.event.EventHandlerManager.dispatchBubblingEvent(Ljavafx/event/Event;)Ljavafx/event/Event;+8
j  com.sun.javafx.event.CompositeEventDispatcher.dispatchBubblingEvent(Ljavafx/event/Event;)Ljavafx/event/Event;+11
J 2398 C1 com.sun.javafx.event.BasicEventDispatcher.dispatchEvent(Ljavafx/event/Event;Ljavafx/event/EventDispatchChain;)Ljavafx/event/Event; (44 bytes) @ 0x000000010b538e7c [0x000000010b538b40+0x33c]
J 2322 C1 com.sun.javafx.event.EventDispatchChainImpl.dispatchEvent(Ljavafx/event/Event;)Ljavafx/event/Event; (101 bytes) @ 0x000000010b515f94 [0x000000010b515de0+0x1b4]
J 2398 C1 com.sun.javafx.event.BasicEventDispatcher.dispatchEvent(Ljavafx/event/Event;Ljavafx/event/EventDispatchChain;)Ljavafx/event/Event; (44 bytes) @ 0x000000010b538d94 [0x000000010b538b40+0x254]
J 2322 C1 com.sun.javafx.event.EventDispatchChainImpl.dispatchEvent(Ljavafx/event/Event;)Ljavafx/event/Event; (101 bytes) @ 0x000000010b515f94 [0x000000010b515de0+0x1b4]
J 2398 C1 com.sun.javafx.event.BasicEventDispatcher.dispatchEvent(Ljavafx/event/Event;Ljavafx/event/EventDispatchChain;)Ljavafx/event/Event; (44 bytes) @ 0x000000010b538d94 [0x000000010b538b40+0x254]
J 2322 C1 com.sun.javafx.event.EventDispatchChainImpl.dispatchEvent(Ljavafx/event/Event;)Ljavafx/event/Event; (101 bytes) @ 0x000000010b515f94 [0x000000010b515de0+0x1b4]
J 2398 C1 com.sun.javafx.event.BasicEventDispatcher.dispatchEvent(Ljavafx/event/Event;Ljavafx/event/EventDispatchChain;)Ljavafx/event/Event; (44 bytes) @ 0x000000010b538d94 [0x000000010b538b40+0x254]
J 2322 C1 com.sun.javafx.event.EventDispatchChainImpl.dispatchEvent(Ljavafx/event/Event;)Ljavafx/event/Event; (101 bytes) @ 0x000000010b515f94 [0x000000010b515de0+0x1b4]
j  com.sun.javafx.event.EventUtil.fireEventImpl(Ljavafx/event/EventDispatchChain;Ljavafx/event/EventTarget;Ljavafx/event/Event;)Ljavafx/event/Event;+10
j  com.sun.javafx.event.EventUtil.fireEvent(Ljavafx/event/EventTarget;Ljavafx/event/Event;)Ljavafx/event/Event;+46
j  javafx.event.Event.fireEvent(Ljavafx/event/EventTarget;Ljavafx/event/Event;)V+30
j  javafx.scene.Scene$MouseHandler.process(Ljavafx/scene/input/MouseEvent;Z)V+491
j  javafx.scene.Scene$MouseHandler.access$1500(Ljavafx/scene/Scene$MouseHandler;Ljavafx/scene/input/MouseEvent;Z)V+3
j  javafx.scene.Scene.impl_processMouseEvent(Ljavafx/scene/input/MouseEvent;)V+6
j  javafx.scene.Scene$ScenePeerListener.mouseEvent(Ljavafx/event/EventType;DDDDLjavafx/scene/input/MouseButton;ZZZZZZZZZ)V+46
j  com.sun.javafx.tk.quantum.GlassViewEventHandler$MouseEventNotification.run()Ljava/lang/Void;+514
j  com.sun.javafx.tk.quantum.GlassViewEventHandler$MouseEventNotification.run()Ljava/lang/Object;+1
v  ~StubRoutines::call_stub
V  [libjvm.dylib+0x2edbd2]
V  [libjvm.dylib+0x34e310]
J 2295  java.security.AccessController.doPrivileged(Ljava/security/PrivilegedAction;Ljava/security/AccessControlContext;)Ljava/lang/Object; (0 bytes) @ 0x000000010b502b15 [0x000000010b502a40+0xd5]
j  com.sun.javafx.tk.quantum.GlassViewEventHandler.lambda$handleMouseEvent$354()Ljava/lang/Void;+11
j  com.sun.javafx.tk.quantum.GlassViewEventHandler$$Lambda$285.get()Ljava/lang/Object;+4
J 2308 C1 com.sun.javafx.tk.quantum.QuantumToolkit.runWithoutRenderLock(Ljava/util/function/Supplier;)Ljava/lang/Object; (49 bytes) @ 0x000000010b50ec74 [0x000000010b50e740+0x534]
j  com.sun.javafx.tk.quantum.GlassViewEventHandler.handleMouseEvent(Lcom/sun/glass/ui/View;JIIIIIIIZZ)V+103
j  com.sun.glass.ui.View.handleMouseEvent(JIIIIIIIZZ)V+30
j  com.sun.glass.ui.View.notifyMouse(IIIIIIIZZ)V+181
v  ~StubRoutines::call_stub
V  [libjvm.dylib+0x2edbd2]
V  [libjvm.dylib+0x324d61]
V  [libjvm.dylib+0x31752f]
C  [libglass.dylib+0x2055c]  -[GlassViewDelegate sendJavaMouseEvent:]+0x86c
C  [AppKit+0x815713]  -[NSWindow _handleMouseUpEvent:isDelayedEvent:]+0x77
C  [AppKit+0x8163ad]  -[NSWindow _reallySendEvent:isDelayedEvent:]+0xd4
C  [AppKit+0x255539]  -[NSWindow sendEvent:]+0x205
C  [libglass.dylib+0x25994]  -[GlassWindow_Normal sendEvent:]+0x74
C  [AppKit+0x1d5a38]  -[NSApplication sendEvent:]+0x9ec
C  [AppKit+0x3cdf2]  -[NSApplication run]+0x31c
C  [libglass.dylib+0x651c]  -[GlassApplication runLoop:]+0x72c
C  [Foundation+0x76fde]  __NSThreadPerformPerform+0x117
C  [CoreFoundation+0xaa881]  __CFRUNLOOP_IS_CALLING_OUT_TO_A_SOURCE0_PERFORM_FUNCTION__+0x11
C  [CoreFoundation+0x89fbc]  __CFRunLoopDoSources0+0x22c
C  [CoreFoundation+0x894df]  __CFRunLoopRun+0x39f
C  [CoreFoundation+0x88ed8]  CFRunLoopRunSpecific+0x128
C  [java+0x6465]  CreateExecutionEnvironment+0x367
C  [java+0x218c]  JLI_Launch+0x7a0
...<more frames>...

Java frames: (J=compiled Java code, j=interpreted, Vv=VM code)
J 351  java.util.zip.ZipFile.getEntry(J[BZ)J (0 bytes) @ 0x000000010af91a18 [0x000000010af919c0+0x58]
J 444 C1 java.util.zip.ZipFile.getInputStream(Ljava/util/zip/ZipEntry;)Ljava/io/InputStream; (304 bytes) @ 0x000000010afd930c [0x000000010afd8f80+0x38c]
j  org.apache.poi.openxml4j.util.ZipSecureFile.getInputStream(Ljava/util/zip/ZipEntry;)Ljava/io/InputStream;+2
j  org.apache.poi.openxml4j.util.ZipFileZipEntrySource.getInputStream(Ljava/util/zip/ZipEntry;)Ljava/io/InputStream;+22
j  org.apache.poi.openxml4j.opc.ZipPackagePart.getInputStreamImpl()Ljava/io/InputStream;+14
j  org.apache.poi.openxml4j.opc.PackagePart.getInputStream()Ljava/io/InputStream;+1
j  org.apache.poi.POIXMLProperties.<init>(Lorg/apache/poi/openxml4j/opc/OPCPackage;)V+69
j  org.apache.poi.POIXMLDocument.getProperties()Lorg/apache/poi/POIXMLProperties;+16
j  org.apache.poi.POIXMLDocument.write(Ljava/io/OutputStream;)V+39
j  com.steph.mavenjavafx05.sSQLiteManager.appendResultSetAsSheetToExcelFile(Ljava/sql/ResultSet;Ljava/lang/String;Ljava/lang/String;)V+317
j  com.steph.mavenjavafx05.FXMLController.OnAction_BTN_2_CALCUL_HEURES(Ljavafx/event/ActionEvent;)V+272
v  ~StubRoutines::call_stub
j  sun.reflect.NativeMethodAccessorImpl.invoke0(Ljava/lang/reflect/Method;Ljava/lang/Object;[Ljava/lang/Object;)Ljava/lang/Object;+0
j  sun.reflect.NativeMethodAccessorImpl.invoke(Ljava/lang/Object;[Ljava/lang/Object;)Ljava/lang/Object;+100
J 786 C1 sun.reflect.DelegatingMethodAccessorImpl.invoke(Ljava/lang/Object;[Ljava/lang/Object;)Ljava/lang/Object; (10 bytes) @ 0x000000010b0b898c [0x000000010b0b8880+0x10c]
J 785 C1 java.lang.reflect.Method.invoke(Ljava/lang/Object;[Ljava/lang/Object;)Ljava/lang/Object; (62 bytes) @ 0x000000010b0b7e1c [0x000000010b0b7a20+0x3fc]
J 851 C1 sun.reflect.GeneratedMethodAccessor1.invoke(Ljava/lang/Object;[Ljava/lang/Object;)Ljava/lang/Object; (65 bytes) @ 0x000000010b0f127c [0x000000010b0f0ec0+0x3bc]
J 786 C1 sun.reflect.DelegatingMethodAccessorImpl.invoke(Ljava/lang/Object;[Ljava/lang/Object;)Ljava/lang/Object; (10 bytes) @ 0x000000010b0b898c [0x000000010b0b8880+0x10c]
J 785 C1 java.lang.reflect.Method.invoke(Ljava/lang/Object;[Ljava/lang/Object;)Ljava/lang/Object; (62 bytes) @ 0x000000010b0b7e1c [0x000000010b0b7a20+0x3fc]
J 824 C1 sun.reflect.misc.MethodUtil.invoke(Ljava/lang/reflect/Method;Ljava/lang/Object;[Ljava/lang/Object;)Ljava/lang/Object; (111 bytes) @ 0x000000010b0e414c [0x000000010b0e3c80+0x4cc]
j  javafx.fxml.FXMLLoader$MethodHandler.invoke([Ljava/lang/Object;)V+19
j  javafx.fxml.FXMLLoader$ControllerMethodEventHandler.handle(Ljavafx/event/Event;)V+12
j  com.sun.javafx.event.CompositeEventHandler.dispatchBubblingEvent(Ljavafx/event/Event;)V+51
J 2315 C1 com.sun.javafx.event.EventHandlerManager.dispatchBubblingEvent(Ljavafx/event/EventType;Ljavafx/event/Event;)Ljavafx/event/Event; (34 bytes) @ 0x000000010b5135e4 [0x000000010b513080+0x564]
j  com.sun.javafx.event.EventHandlerManager.dispatchBubblingEvent(Ljavafx/event/Event;)Ljavafx/event/Event;+8
j  com.sun.javafx.event.CompositeEventDispatcher.dispatchBubblingEvent(Ljavafx/event/Event;)Ljavafx/event/Event;+11
J 2398 C1 com.sun.javafx.event.BasicEventDispatcher.dispatchEvent(Ljavafx/event/Event;Ljavafx/event/EventDispatchChain;)Ljavafx/event/Event; (44 bytes) @ 0x000000010b538e7c [0x000000010b538b40+0x33c]
J 2322 C1 com.sun.javafx.event.EventDispatchChainImpl.dispatchEvent(Ljavafx/event/Event;)Ljavafx/event/Event; (101 bytes) @ 0x000000010b515f94 [0x000000010b515de0+0x1b4]
J 2398 C1 com.sun.javafx.event.BasicEventDispatcher.dispatchEvent(Ljavafx/event/Event;Ljavafx/event/EventDispatchChain;)Ljavafx/event/Event; (44 bytes) @ 0x000000010b538d94 [0x000000010b538b40+0x254]
J 2322 C1 com.sun.javafx.event.EventDispatchChainImpl.dispatchEvent(Ljavafx/event/Event;)Ljavafx/event/Event; (101 bytes) @ 0x000000010b515f94 [0x000000010b515de0+0x1b4]
J 2398 C1 com.sun.javafx.event.BasicEventDispatcher.dispatchEvent(Ljavafx/event/Event;Ljavafx/event/EventDispatchChain;)Ljavafx/event/Event; (44 bytes) @ 0x000000010b538d94 [0x000000010b538b40+0x254]
J 2322 C1 com.sun.javafx.event.EventDispatchChainImpl.dispatchEvent(Ljavafx/event/Event;)Ljavafx/event/Event; (101 bytes) @ 0x000000010b515f94 [0x000000010b515de0+0x1b4]
J 2398 C1 com.sun.javafx.event.BasicEventDispatcher.dispatchEvent(Ljavafx/event/Event;Ljavafx/event/EventDispatchChain;)Ljavafx/event/Event; (44 bytes) @ 0x000000010b538d94 [0x000000010b538b40+0x254]
J 2322 C1 com.sun.javafx.event.EventDispatchChainImpl.dispatchEvent(Ljavafx/event/Event;)Ljavafx/event/Event; (101 bytes) @ 0x000000010b515f94 [0x000000010b515de0+0x1b4]
j  com.sun.javafx.event.EventUtil.fireEventImpl(Ljavafx/event/EventDispatchChain;Ljavafx/event/EventTarget;Ljavafx/event/Event;)Ljavafx/event/Event;+10
j  com.sun.javafx.event.EventUtil.fireEvent(Ljavafx/event/EventTarget;Ljavafx/event/Event;)Ljavafx/event/Event;+37
j  javafx.event.Event.fireEvent(Ljavafx/event/EventTarget;Ljavafx/event/Event;)V+30
j  javafx.scene.Node.fireEvent(Ljavafx/event/Event;)V+86
j  javafx.scene.control.Button.fire()V+15
j  com.sun.javafx.scene.control.behavior.ButtonBehavior.mouseReleased(Ljavafx/scene/input/MouseEvent;)V+23
j  com.sun.javafx.scene.control.skin.BehaviorSkinBase$1.handle(Ljavafx/scene/input/MouseEvent;)V+83
j  com.sun.javafx.scene.control.skin.BehaviorSkinBase$1.handle(Ljavafx/event/Event;)V+5
j  com.sun.javafx.event.CompositeEventHandler$NormalEventHandlerRecord.handleBubblingEvent(Ljavafx/event/Event;)V+5
j  com.sun.javafx.event.CompositeEventHandler.dispatchBubblingEvent(Ljavafx/event/Event;)V+28
J 2315 C1 com.sun.javafx.event.EventHandlerManager.dispatchBubblingEvent(Ljavafx/event/EventType;Ljavafx/event/Event;)Ljavafx/event/Event; (34 bytes) @ 0x000000010b5135e4 [0x000000010b513080+0x564]
j  com.sun.javafx.event.EventHandlerManager.dispatchBubblingEvent(Ljavafx/event/Event;)Ljavafx/event/Event;+8
j  com.sun.javafx.event.CompositeEventDispatcher.dispatchBubblingEvent(Ljavafx/event/Event;)Ljavafx/event/Event;+11
J 2398 C1 com.sun.javafx.event.BasicEventDispatcher.dispatchEvent(Ljavafx/event/Event;Ljavafx/event/EventDispatchChain;)Ljavafx/event/Event; (44 bytes) @ 0x000000010b538e7c [0x000000010b538b40+0x33c]
J 2322 C1 com.sun.javafx.event.EventDispatchChainImpl.dispatchEvent(Ljavafx/event/Event;)Ljavafx/event/Event; (101 bytes) @ 0x000000010b515f94 [0x000000010b515de0+0x1b4]
J 2398 C1 com.sun.javafx.event.BasicEventDispatcher.dispatchEvent(Ljavafx/event/Event;Ljavafx/event/EventDispatchChain;)Ljavafx/event/Event; (44 bytes) @ 0x000000010b538d94 [0x000000010b538b40+0x254]
J 2322 C1 com.sun.javafx.event.EventDispatchChainImpl.dispatchEvent(Ljavafx/event/Event;)Ljavafx/event/Event; (101 bytes) @ 0x000000010b515f94 [0x000000010b515de0+0x1b4]
J 2398 C1 com.sun.javafx.event.BasicEventDispatcher.dispatchEvent(Ljavafx/event/Event;Ljavafx/event/EventDispatchChain;)Ljavafx/event/Event; (44 bytes) @ 0x000000010b538d94 [0x000000010b538b40+0x254]
J 2322 C1 com.sun.javafx.event.EventDispatchChainImpl.dispatchEvent(Ljavafx/event/Event;)Ljavafx/event/Event; (101 bytes) @ 0x000000010b515f94 [0x000000010b515de0+0x1b4]
J 2398 C1 com.sun.javafx.event.BasicEventDispatcher.dispatchEvent(Ljavafx/event/Event;Ljavafx/event/EventDispatchChain;)Ljavafx/event/Event; (44 bytes) @ 0x000000010b538d94 [0x000000010b538b40+0x254]
J 2322 C1 com.sun.javafx.event.EventDispatchChainImpl.dispatchEvent(Ljavafx/event/Event;)Ljavafx/event/Event; (101 bytes) @ 0x000000010b515f94 [0x000000010b515de0+0x1b4]
j  com.sun.javafx.event.EventUtil.fireEventImpl(Ljavafx/event/EventDispatchChain;Ljavafx/event/EventTarget;Ljavafx/event/Event;)Ljavafx/event/Event;+10
j  com.sun.javafx.event.EventUtil.fireEvent(Ljavafx/event/EventTarget;Ljavafx/event/Event;)Ljavafx/event/Event;+46
j  javafx.event.Event.fireEvent(Ljavafx/event/EventTarget;Ljavafx/event/Event;)V+30
j  javafx.scene.Scene$MouseHandler.process(Ljavafx/scene/input/MouseEvent;Z)V+491
j  javafx.scene.Scene$MouseHandler.access$1500(Ljavafx/scene/Scene$MouseHandler;Ljavafx/scene/input/MouseEvent;Z)V+3
j  javafx.scene.Scene.impl_processMouseEvent(Ljavafx/scene/input/MouseEvent;)V+6
j  javafx.scene.Scene$ScenePeerListener.mouseEvent(Ljavafx/event/EventType;DDDDLjavafx/scene/input/MouseButton;ZZZZZZZZZ)V+46
j  com.sun.javafx.tk.quantum.GlassViewEventHandler$MouseEventNotification.run()Ljava/lang/Void;+514
j  com.sun.javafx.tk.quantum.GlassViewEventHandler$MouseEventNotification.run()Ljava/lang/Object;+1
v  ~StubRoutines::call_stub
J 2295  java.security.AccessController.doPrivileged(Ljava/security/PrivilegedAction;Ljava/security/AccessControlContext;)Ljava/lang/Object; (0 bytes) @ 0x000000010b502aa3 [0x000000010b502a40+0x63]
j  com.sun.javafx.tk.quantum.GlassViewEventHandler.lambda$handleMouseEvent$354()Ljava/lang/Void;+11
j  com.sun.javafx.tk.quantum.GlassViewEventHandler$$Lambda$285.get()Ljava/lang/Object;+4
J 2308 C1 com.sun.javafx.tk.quantum.QuantumToolkit.runWithoutRenderLock(Ljava/util/function/Supplier;)Ljava/lang/Object; (49 bytes) @ 0x000000010b50ec74 [0x000000010b50e740+0x534]
j  com.sun.javafx.tk.quantum.GlassViewEventHandler.handleMouseEvent(Lcom/sun/glass/ui/View;JIIIIIIIZZ)V+103
j  com.sun.glass.ui.View.handleMouseEvent(JIIIIIIIZZ)V+30
j  com.sun.glass.ui.View.notifyMouse(IIIIIIIZZ)V+181
v  ~StubRoutines::call_stub

---------------  P R O C E S S  ---------------

Java Threads: ( => current thread )
  0x00007f85f43be800 JavaThread "Prism Font Disposer" daemon [_thread_blocked, id=54279, stack(0x00007000019eb000,0x0000700001aeb000)]
  0x00007f85f710c000 JavaThread "JavaFX-Launcher" [_thread_blocked, id=51203, stack(0x00007000018e8000,0x00007000019e8000)]
  0x00007f85f7887000 JavaThread "Thread-3" daemon [_thread_in_native, id=39171, stack(0x00007000017e2000,0x0000700001862000)]
=>0x00007f85f7885000 JavaThread "JavaFX Application Thread" [_thread_in_native, id=2571, stack(0x00007fff568de000,0x00007fff570de000)]
  0x00007f85f788f000 JavaThread "Thread-1" daemon [_thread_blocked, id=26895, stack(0x000070000165c000,0x000070000175c000)]
  0x00007f85f4873000 JavaThread "QuantumRenderer-0" daemon [_thread_blocked, id=22019, stack(0x00007000014d6000,0x00007000015d6000)]
  0x00007f85f4084800 JavaThread "Service Thread" daemon [_thread_blocked, id=20995, stack(0x00007000012d0000,0x00007000013d0000)]
  0x00007f85f3822800 JavaThread "C1 CompilerThread3" daemon [_thread_blocked, id=20483, stack(0x00007000011cd000,0x00007000012cd000)]
  0x00007f85f6806000 JavaThread "C2 CompilerThread2" daemon [_thread_in_native, id=19971, stack(0x00007000010ca000,0x00007000011ca000)]
  0x00007f85f4069000 JavaThread "C2 CompilerThread1" daemon [_thread_in_native, id=19459, stack(0x0000700000fc7000,0x00007000010c7000)]
  0x00007f85f4032800 JavaThread "C2 CompilerThread0" daemon [_thread_in_native, id=18947, stack(0x0000700000ec4000,0x0000700000fc4000)]
  0x00007f85f5004000 JavaThread "Signal Dispatcher" daemon [_thread_blocked, id=15887, stack(0x0000700000dc1000,0x0000700000ec1000)]
  0x00007f85f4813000 JavaThread "Finalizer" daemon [_thread_blocked, id=14339, stack(0x0000700000c3b000,0x0000700000d3b000)]
  0x00007f85f4810800 JavaThread "Reference Handler" daemon [_thread_blocked, id=13827, stack(0x0000700000b38000,0x0000700000c38000)]
  0x00007f85f6800000 JavaThread "main" [_thread_blocked, id=5891, stack(0x000070000011a000,0x000070000021a000)]

Other Threads:
  0x00007f85f4045000 VMThread [stack: 0x0000700000a35000,0x0000700000b35000] [id=13315]
  0x00007f85f482f000 WatcherThread [stack: 0x00007000013d3000,0x00007000014d3000] [id=21507]

VM state:not at safepoint (normal execution)

VM Mutex/Monitor currently owned by a thread: None

Heap:
 PSYoungGen      total 211968K, used 140374K [0x000000076ab00000, 0x0000000779d00000, 0x00000007c0000000)
  eden space 180736K, 65% used [0x000000076ab00000,0x0000000771edd880,0x0000000775b80000)
  from space 31232K, 69% used [0x0000000777a00000,0x0000000778f38070,0x0000000779880000)
  to   space 31232K, 0% used [0x0000000775b80000,0x0000000775b80000,0x0000000777a00000)
 ParOldGen       total 83456K, used 50555K [0x00000006c0000000, 0x00000006c5180000, 0x000000076ab00000)
  object space 83456K, 60% used [0x00000006c0000000,0x00000006c315efb0,0x00000006c5180000)
 Metaspace       used 27303K, capacity 28442K, committed 28672K, reserved 1073152K
  class space    used 3708K, capacity 3970K, committed 4096K, reserved 1048576K

Card table byte_map: [0x000000011a197000,0x000000011a998000] byte_map_base: 0x0000000116b97000

Marking Bits: (ParMarkBitMap*) 0x000000010a6f0d30
 Begin Bits: [0x000000011aeee000, 0x000000011eeee000)
 End Bits:   [0x000000011eeee000, 0x0000000122eee000)

Polling page: 0x0000000108de2000

CodeCache: size=245760Kb used=13673Kb max_used=13833Kb free=232086Kb
 bounds [0x000000010add7000, 0x000000010bb97000, 0x0000000119dd7000]
 total_blobs=4688 nmethods=3974 adapters=625
 compilation: enabled

Compilation events (10 events):
Event: 11.687 Thread 0x00007f85f4032800 4559       4       org.apache.xmlbeans.impl.store.Saver::pushMappings (200 bytes)
Event: 11.687 Thread 0x00007f85f3822800 nmethod 4602 0x000000010b201690 code [0x000000010b2018a0, 0x000000010b202518]
Event: 11.692 Thread 0x00007f85f3822800 4603       3       java.util.LinkedHashMap$LinkedHashIterator::<init> (31 bytes)
Event: 11.692 Thread 0x00007f85f3822800 nmethod 4603 0x000000010b135690 code [0x000000010b135800, 0x000000010b135a10]
Event: 11.703 Thread 0x00007f85f3822800 4604       3       java.lang.Character::isLetterOrDigit (5 bytes)
Event: 11.703 Thread 0x00007f85f3822800 nmethod 4604 0x000000010b1903d0 code [0x000000010b190560, 0x000000010b1908b8]
Event: 11.703 Thread 0x00007f85f3822800 4605       3       java.lang.Character::isLetterOrDigit (19 bytes)
Event: 11.703 Thread 0x00007f85f3822800 nmethod 4605 0x000000010b2610d0 code [0x000000010b261260, 0x000000010b261558]
Event: 11.703 Thread 0x00007f85f3822800 4606       3       org.apache.xmlbeans.impl.schema.SchemaTypeSystemImpl$XsbReader::readSOAPArrayType (26 bytes)
Event: 11.704 Thread 0x00007f85f3822800 nmethod 4606 0x000000010b68b590 code [0x000000010b68b800, 0x000000010b68c558]

GC Heap History (10 events):
Event: 9.775 GC heap before
{Heap before GC invocations=5 (full 1):
 PSYoungGen      total 76288K, used 76270K [0x000000076ab00000, 0x0000000770000000, 0x00000007c0000000)
  eden space 65536K, 100% used [0x000000076ab00000,0x000000076eb00000,0x000000076eb00000)
  from space 10752K, 99% used [0x000000076eb00000,0x000000076f57b890,0x000000076f580000)
  to   space 10752K, 0% used [0x000000076f580000,0x000000076f580000,0x0000000770000000)
 ParOldGen       total 83456K, used 14456K [0x00000006c0000000, 0x00000006c5180000, 0x000000076ab00000)
  object space 83456K, 17% used [0x00000006c0000000,0x00000006c0e1e000,0x00000006c5180000)
 Metaspace       used 26481K, capacity 27620K, committed 28032K, reserved 1073152K
  class space    used 3636K, capacity 3897K, committed 3968K, reserved 1048576K
Event: 9.786 GC heap after
Heap after GC invocations=5 (full 1):
 PSYoungGen      total 76288K, used 10747K [0x000000076ab00000, 0x0000000772580000, 0x00000007c0000000)
  eden space 65536K, 0% used [0x000000076ab00000,0x000000076ab00000,0x000000076eb00000)
  from space 10752K, 99% used [0x000000076f580000,0x000000076fffecd0,0x0000000770000000)
  to   space 10752K, 0% used [0x000000076eb00000,0x000000076eb00000,0x000000076f580000)
 ParOldGen       total 83456K, used 18802K [0x00000006c0000000, 0x00000006c5180000, 0x000000076ab00000)
  object space 83456K, 22% used [0x00000006c0000000,0x00000006c125ca08,0x00000006c5180000)
 Metaspace       used 26481K, capacity 27620K, committed 28032K, reserved 1073152K
  class space    used 3636K, capacity 3897K, committed 3968K, reserved 1048576K
}
Event: 10.337 GC heap before
{Heap before GC invocations=6 (full 1):
 PSYoungGen      total 76288K, used 76283K [0x000000076ab00000, 0x0000000772580000, 0x00000007c0000000)
  eden space 65536K, 100% used [0x000000076ab00000,0x000000076eb00000,0x000000076eb00000)
  from space 10752K, 99% used [0x000000076f580000,0x000000076fffecd0,0x0000000770000000)
  to   space 10752K, 0% used [0x000000076eb00000,0x000000076eb00000,0x000000076f580000)
 ParOldGen       total 83456K, used 18802K [0x00000006c0000000, 0x00000006c5180000, 0x000000076ab00000)
  object space 83456K, 22% used [0x00000006c0000000,0x00000006c125ca08,0x00000006c5180000)
 Metaspace       used 26735K, capacity 27888K, committed 28288K, reserved 1073152K
  class space    used 3647K, capacity 3899K, committed 3968K, reserved 1048576K
Event: 10.347 GC heap after
Heap after GC invocations=6 (full 1):
 PSYoungGen      total 76288K, used 10731K [0x000000076ab00000, 0x0000000773500000, 0x00000007c0000000)
  eden space 65536K, 0% used [0x000000076ab00000,0x000000076ab00000,0x000000076eb00000)
  from space 10752K, 99% used [0x000000076eb00000,0x000000076f57acd0,0x000000076f580000)
  to   space 16384K, 0% used [0x0000000772500000,0x0000000772500000,0x0000000773500000)
 ParOldGen       total 83456K, used 22412K [0x00000006c0000000, 0x00000006c5180000, 0x000000076ab00000)
  object space 83456K, 26% used [0x00000006c0000000,0x00000006c15e32a8,0x00000006c5180000)
 Metaspace       used 26735K, capacity 27888K, committed 28288K, reserved 1073152K
  class space    used 3647K, capacity 3899K, committed 3968K, reserved 1048576K
}
Event: 10.881 GC heap before
{Heap before GC invocations=7 (full 1):
 PSYoungGen      total 76288K, used 76267K [0x000000076ab00000, 0x0000000773500000, 0x00000007c0000000)
  eden space 65536K, 100% used [0x000000076ab00000,0x000000076eb00000,0x000000076eb00000)
  from space 10752K, 99% used [0x000000076eb00000,0x000000076f57acd0,0x000000076f580000)
  to   space 16384K, 0% used [0x0000000772500000,0x0000000772500000,0x0000000773500000)
 ParOldGen       total 83456K, used 22412K [0x00000006c0000000, 0x00000006c5180000, 0x000000076ab00000)
  object space 83456K, 26% used [0x00000006c0000000,0x00000006c15e32a8,0x00000006c5180000)
 Metaspace       used 26839K, capacity 27994K, committed 28288K, reserved 1073152K
  class space    used 3651K, capacity 3906K, committed 3968K, reserved 1048576K
Event: 10.905 GC heap after
Heap after GC invocations=7 (full 1):
 PSYoungGen      total 113152K, used 16363K [0x000000076ab00000, 0x0000000775400000, 0x00000007c0000000)
  eden space 96768K, 0% used [0x000000076ab00000,0x000000076ab00000,0x0000000770980000)
  from space 16384K, 99% used [0x0000000772500000,0x00000007734fad20,0x0000000773500000)
  to   space 28160K, 0% used [0x0000000770980000,0x0000000770980000,0x0000000772500000)
 ParOldGen       total 83456K, used 40893K [0x00000006c0000000, 0x00000006c5180000, 0x000000076ab00000)
  object space 83456K, 49% used [0x00000006c0000000,0x00000006c27ef5c8,0x00000006c5180000)
 Metaspace       used 26839K, capacity 27994K, committed 28288K, reserved 1073152K
  class space    used 3651K, capacity 3906K, committed 3968K, reserved 1048576K
}
Event: 11.182 GC heap before
{Heap before GC invocations=8 (full 1):
 PSYoungGen      total 113152K, used 113131K [0x000000076ab00000, 0x0000000775400000, 0x00000007c0000000)
  eden space 96768K, 100% used [0x000000076ab00000,0x0000000770980000,0x0000000770980000)
  from space 16384K, 99% used [0x0000000772500000,0x00000007734fad20,0x0000000773500000)
  to   space 28160K, 0% used [0x0000000770980000,0x0000000770980000,0x0000000772500000)
 ParOldGen       total 83456K, used 40893K [0x00000006c0000000, 0x00000006c5180000, 0x000000076ab00000)
  object space 83456K, 49% used [0x00000006c0000000,0x00000006c27ef5c8,0x00000006c5180000)
 Metaspace       used 27106K, capacity 28282K, committed 28544K, reserved 1073152K
  class space    used 3684K, capacity 3938K, committed 3968K, reserved 1048576K
Event: 11.205 GC heap after
Heap after GC invocations=8 (full 1):
 PSYoungGen      total 124928K, used 25659K [0x000000076ab00000, 0x0000000779880000, 0x00000007c0000000)
  eden space 96768K, 0% used [0x000000076ab00000,0x000000076ab00000,0x0000000770980000)
  from space 28160K, 91% used [0x0000000770980000,0x000000077228ed00,0x0000000772500000)
  to   space 31232K, 0% used [0x0000000777a00000,0x0000000777a00000,0x0000000779880000)
 ParOldGen       total 83456K, used 40901K [0x00000006c0000000, 0x00000006c5180000, 0x000000076ab00000)
  object space 83456K, 49% used [0x00000006c0000000,0x00000006c27f15c8,0x00000006c5180000)
 Metaspace       used 27106K, capacity 28282K, committed 28544K, reserved 1073152K
  class space    used 3684K, capacity 3938K, committed 3968K, reserved 1048576K
}
Event: 11.378 GC heap before
{Heap before GC invocations=9 (full 1):
 PSYoungGen      total 124928K, used 122427K [0x000000076ab00000, 0x0000000779880000, 0x00000007c0000000)
  eden space 96768K, 100% used [0x000000076ab00000,0x0000000770980000,0x0000000770980000)
  from space 28160K, 91% used [0x0000000770980000,0x000000077228ed00,0x0000000772500000)
  to   space 31232K, 0% used [0x0000000777a00000,0x0000000777a00000,0x0000000779880000)
 ParOldGen       total 83456K, used 40901K [0x00000006c0000000, 0x00000006c5180000, 0x000000076ab00000)
  object space 83456K, 49% used [0x00000006c0000000,0x00000006c27f15c8,0x00000006c5180000)
 Metaspace       used 27106K, capacity 28282K, committed 28544K, reserved 1073152K
  class space    used 3684K, capacity 3938K, committed 3968K, reserved 1048576K
Event: 11.401 GC heap after
Heap after GC invocations=9 (full 1):
 PSYoungGen      total 211968K, used 21728K [0x000000076ab00000, 0x0000000779d00000, 0x00000007c0000000)
  eden space 180736K, 0% used [0x000000076ab00000,0x000000076ab00000,0x0000000775b80000)
  from space 31232K, 69% used [0x0000000777a00000,0x0000000778f38070,0x0000000779880000)
  to   space 31232K, 0% used [0x0000000775b80000,0x0000000775b80000,0x0000000777a00000)
 ParOldGen       total 83456K, used 50555K [0x00000006c0000000, 0x00000006c5180000, 0x000000076ab00000)
  object space 83456K, 60% used [0x00000006c0000000,0x00000006c315efb0,0x00000006c5180000)
 Metaspace       used 27106K, capacity 28282K, committed 28544K, reserved 1073152K
  class space    used 3684K, capacity 3938K, committed 3968K, reserved 1048576K
}

Deoptimization events (10 events):
Event: 11.552 Thread 0x00007f85f7885000 Uncommon trap: reason=unstable_if action=reinterpret pc=0x000000010afad238 method=org.apache.xmlbeans.impl.store.Saver.addMapping(Ljava/lang/String;Ljava/lang/String;)V @ 52
Event: 11.552 Thread 0x00007f85f7885000 Uncommon trap: reason=unstable_if action=reinterpret pc=0x000000010b01e538 method=org.apache.xmlbeans.impl.store.Saver.iterateMappings()V @ 31
Event: 11.552 Thread 0x00007f85f7885000 Uncommon trap: reason=unstable_if action=reinterpret pc=0x000000010bb01198 method=org.apache.xmlbeans.impl.store.Cur$Locations.moveTo(ILorg/apache/xmlbeans/impl/store/Cur;)V @ 6
Event: 11.552 Thread 0x00007f85f7885000 Uncommon trap: reason=unstable_if action=reinterpret pc=0x000000010af959a4 method=org.apache.xmlbeans.impl.store.Saver.popMappings()V @ 25
Event: 11.553 Thread 0x00007f85f7885000 Uncommon trap: reason=unstable_if action=reinterpret pc=0x000000010b553dbc method=org.apache.xmlbeans.impl.store.Cur.moveNodeContents(Lorg/apache/xmlbeans/impl/store/Xobj;Lorg/apache/xmlbeans/impl/store/Cur;Z)V @ 104
Event: 11.553 Thread 0x00007f85f7885000 Uncommon trap: reason=unstable_if action=reinterpret pc=0x000000010b9b7e84 method=org.apache.xmlbeans.impl.store.Xobj.getChars(II)Ljava/lang/Object; @ 29
Event: 11.554 Thread 0x00007f85f7885000 Uncommon trap: reason=unstable_if action=reinterpret pc=0x000000010af598bc method=org.apache.xmlbeans.impl.store.Saver$TextSaver.entitizeContent(Z)V @ 197
Event: 11.578 Thread 0x00007f85f7885000 Uncommon trap: reason=unstable_if action=reinterpret pc=0x000000010af0d790 method=org.apache.xmlbeans.impl.store.Locale.isFragment(Lorg/apache/xmlbeans/impl/store/Cur;Lorg/apache/xmlbeans/impl/store/Cur;)Z @ 88
Event: 11.606 Thread 0x00007f85f7885000 Uncommon trap: reason=unstable_if action=reinterpret pc=0x000000010b6b712c method=org.apache.xmlbeans.impl.store.Cur.next()Z @ 222
Event: 11.692 Thread 0x00007f85f7885000 Uncommon trap: reason=unstable_if action=reinterpret pc=0x000000010b150fc8 method=org.apache.xmlbeans.impl.store.Xobj.add_element_user(Ljavax/xml/namespace/QName;)Lorg/apache/xmlbeans/impl/values/TypeStoreUser; @ 50

Internal exceptions (10 events):
Event: 8.153 Thread 0x00007f85f7885000 Exception <a 'java/security/PrivilegedActionException'> (0x000000076b3e5fd0) thrown at [/Users/java_re/workspace/8-2-build-macosx-x86_64/jdk8u112/7935/hotspot/src/share/vm/prims/jvm.cpp, line 1390]
Event: 8.153 Thread 0x00007f85f7885000 Exception <a 'java/security/PrivilegedActionException'> (0x000000076b3f3f98) thrown at [/Users/java_re/workspace/8-2-build-macosx-x86_64/jdk8u112/7935/hotspot/src/share/vm/prims/jvm.cpp, line 1390]
Event: 8.153 Thread 0x00007f85f7885000 Exception <a 'java/security/PrivilegedActionException'> (0x000000076b3f4760) thrown at [/Users/java_re/workspace/8-2-build-macosx-x86_64/jdk8u112/7935/hotspot/src/share/vm/prims/jvm.cpp, line 1390]
Event: 8.153 Thread 0x00007f85f7885000 Exception <a 'java/security/PrivilegedActionException'> (0x000000076b3f8940) thrown at [/Users/java_re/workspace/8-2-build-macosx-x86_64/jdk8u112/7935/hotspot/src/share/vm/prims/jvm.cpp, line 1390]
Event: 8.153 Thread 0x00007f85f7885000 Exception <a 'java/security/PrivilegedActionException'> (0x000000076b3f9108) thrown at [/Users/java_re/workspace/8-2-build-macosx-x86_64/jdk8u112/7935/hotspot/src/share/vm/prims/jvm.cpp, line 1390]
Event: 8.635 Thread 0x00007f85f7885000 Implicit null exception at 0x000000010b7f95d5 to 0x000000010b7f96fd
Event: 10.973 Thread 0x00007f85f7885000 Implicit null exception at 0x000000010ba86841 to 0x000000010ba89d55
Event: 10.974 Thread 0x00007f85f7885000 Implicit null exception at 0x000000010b9fd253 to 0x000000010b9ff225
Event: 10.979 Thread 0x00007f85f7885000 Implicit null exception at 0x000000010b9e1ff6 to 0x000000010b9e30c5
Event: 11.552 Thread 0x00007f85f7885000 Implicit null exception at 0x000000010b1ebdd1 to 0x000000010b1ec051

Events (10 events):
Event: 11.702 loading class org/openxmlformats/schemas/officeDocument/x2006/customProperties/PropertiesDocument
Event: 11.702 loading class org/openxmlformats/schemas/officeDocument/x2006/customProperties/PropertiesDocument done
Event: 11.702 loading class org/openxmlformats/schemas/officeDocument/x2006/customProperties/impl/PropertiesDocumentImpl
Event: 11.702 loading class org/openxmlformats/schemas/officeDocument/x2006/customProperties/impl/PropertiesDocumentImpl done
Event: 11.703 loading class org/openxmlformats/schemas/officeDocument/x2006/customProperties/impl/CTPropertiesImpl
Event: 11.703 loading class org/openxmlformats/schemas/officeDocument/x2006/customProperties/impl/CTPropertiesImpl done
Event: 11.703 loading class org/openxmlformats/schemas/officeDocument/x2006/customProperties/CTProperties
Event: 11.703 loading class org/openxmlformats/schemas/officeDocument/x2006/customProperties/CTProperties done
Event: 11.704 loading class org/apache/poi/POIXMLProperties$CoreProperties
Event: 11.704 loading class org/apache/poi/POIXMLProperties$CoreProperties done


Dynamic libraries:
0x0000000007b92000 	/System/Library/Frameworks/Cocoa.framework/Versions/A/Cocoa
0x0000000007b92000 	/System/Library/Frameworks/Security.framework/Versions/A/Security
0x0000000007b92000 	/System/Library/Frameworks/ApplicationServices.framework/Versions/A/ApplicationServices
0x0000000007b92000 	/usr/lib/libz.1.dylib
0x0000000007b92000 	/usr/lib/libSystem.B.dylib
0x0000000007b92000 	/usr/lib/libobjc.A.dylib
0x0000000007b92000 	/System/Library/Frameworks/CoreFoundation.framework/Versions/A/CoreFoundation
0x0000000007b92000 	/System/Library/Frameworks/Foundation.framework/Versions/C/Foundation
0x0000000007b92000 	/System/Library/Frameworks/AppKit.framework/Versions/C/AppKit
0x0000000007b92000 	/System/Library/Frameworks/CoreData.framework/Versions/A/CoreData
0x0000000007b92000 	/System/Library/PrivateFrameworks/RemoteViewServices.framework/Versions/A/RemoteViewServices
0x0000000007b92000 	/System/Library/PrivateFrameworks/UIFoundation.framework/Versions/A/UIFoundation
0x0000000007b92000 	/usr/lib/libScreenReader.dylib
0x0000000007b92000 	/System/Library/Frameworks/Accelerate.framework/Versions/A/Accelerate
0x0000000007b92000 	/System/Library/Frameworks/IOSurface.framework/Versions/A/IOSurface
0x0000000007b92000 	/System/Library/Frameworks/AudioToolbox.framework/Versions/A/AudioToolbox
0x0000000007b92000 	/System/Library/Frameworks/AudioUnit.framework/Versions/A/AudioUnit
0x0000000007b92000 	/System/Library/PrivateFrameworks/DataDetectorsCore.framework/Versions/A/DataDetectorsCore
0x0000000007b92000 	/System/Library/PrivateFrameworks/DesktopServicesPriv.framework/Versions/A/DesktopServicesPriv
0x0000000007b92000 	/System/Library/Frameworks/Carbon.framework/Versions/A/Frameworks/HIToolbox.framework/Versions/A/HIToolbox
0x0000000007b92000 	/System/Library/Frameworks/QuartzCore.framework/Versions/A/QuartzCore
0x0000000007b92000 	/System/Library/Frameworks/Carbon.framework/Versions/A/Frameworks/SpeechRecognition.framework/Versions/A/SpeechRecognition
0x0000000007b92000 	/usr/lib/libauto.dylib
0x0000000007b92000 	/usr/lib/libicucore.A.dylib
0x0000000007b92000 	/usr/lib/libxml2.2.dylib
0x0000000007b92000 	/System/Library/PrivateFrameworks/CoreUI.framework/Versions/A/CoreUI
0x0000000007b92000 	/System/Library/Frameworks/CoreAudio.framework/Versions/A/CoreAudio
0x0000000007b92000 	/System/Library/Frameworks/DiskArbitration.framework/Versions/A/DiskArbitration
0x0000000007b92000 	/usr/lib/liblangid.dylib
0x0000000007b92000 	/System/Library/PrivateFrameworks/MultitouchSupport.framework/Versions/A/MultitouchSupport
0x0000000007b92000 	/System/Library/Frameworks/IOKit.framework/Versions/A/IOKit
0x0000000007b92000 	/usr/lib/libDiagnosticMessagesClient.dylib
0x0000000007b92000 	/System/Library/Frameworks/CoreServices.framework/Versions/A/CoreServices
0x0000000007b92000 	/System/Library/PrivateFrameworks/PerformanceAnalysis.framework/Versions/A/PerformanceAnalysis
0x0000000007b92000 	/System/Library/PrivateFrameworks/GenerationalStorage.framework/Versions/A/GenerationalStorage
0x0000000007b92000 	/System/Library/Frameworks/OpenGL.framework/Versions/A/OpenGL
0x0000000007b92000 	/System/Library/PrivateFrameworks/Sharing.framework/Versions/A/Sharing
0x0000000007b92000 	/System/Library/Frameworks/CoreGraphics.framework/Versions/A/CoreGraphics
0x0000000007b92000 	/System/Library/Frameworks/CoreImage.framework/Versions/A/CoreImage
0x0000000007b92000 	/System/Library/Frameworks/CoreText.framework/Versions/A/CoreText
0x0000000007b92000 	/System/Library/Frameworks/ImageIO.framework/Versions/A/ImageIO
0x0000000007b92000 	/System/Library/PrivateFrameworks/Backup.framework/Versions/A/Backup
0x0000000007b92000 	/usr/lib/libextension.dylib
0x0000000007b92000 	/usr/lib/libarchive.2.dylib
0x0000000007b92000 	/System/Library/Frameworks/CFNetwork.framework/Versions/A/CFNetwork
0x0000000007b92000 	/System/Library/Frameworks/SystemConfiguration.framework/Versions/A/SystemConfiguration
0x0000000007b92000 	/usr/lib/libCRFSuite.dylib
0x0000000007b92000 	/usr/lib/libc++.1.dylib
0x0000000007b92000 	/usr/lib/libc++abi.dylib
0x0000000007b92000 	/usr/lib/system/libcache.dylib
0x0000000007b92000 	/usr/lib/system/libcommonCrypto.dylib
0x0000000007b92000 	/usr/lib/system/libcompiler_rt.dylib
0x0000000007b92000 	/usr/lib/system/libcopyfile.dylib
0x0000000007b92000 	/usr/lib/system/libcorecrypto.dylib
0x0000000007b92000 	/usr/lib/system/libdispatch.dylib
0x0000000007b92000 	/usr/lib/system/libdyld.dylib
0x0000000007b92000 	/usr/lib/system/libkeymgr.dylib
0x0000000007b92000 	/usr/lib/system/liblaunch.dylib
0x0000000007b92000 	/usr/lib/system/libmacho.dylib
0x0000000007b92000 	/usr/lib/system/libquarantine.dylib
0x0000000007b92000 	/usr/lib/system/libremovefile.dylib
0x0000000007b92000 	/usr/lib/system/libsystem_asl.dylib
0x0000000007b92000 	/usr/lib/system/libsystem_blocks.dylib
0x0000000007b92000 	/usr/lib/system/libsystem_c.dylib
0x0000000007b92000 	/usr/lib/system/libsystem_configuration.dylib
0x0000000007b92000 	/usr/lib/system/libsystem_coreservices.dylib
0x0000000007b92000 	/usr/lib/system/libsystem_coretls.dylib
0x0000000007b92000 	/usr/lib/system/libsystem_dnssd.dylib
0x0000000007b92000 	/usr/lib/system/libsystem_info.dylib
0x0000000007b92000 	/usr/lib/system/libsystem_kernel.dylib
0x0000000007b92000 	/usr/lib/system/libsystem_m.dylib
0x0000000007b92000 	/usr/lib/system/libsystem_malloc.dylib
0x0000000007b92000 	/usr/lib/system/libsystem_network.dylib
0x0000000007b92000 	/usr/lib/system/libsystem_networkextension.dylib
0x0000000007b92000 	/usr/lib/system/libsystem_notify.dylib
0x0000000007b92000 	/usr/lib/system/libsystem_platform.dylib
0x0000000007b92000 	/usr/lib/system/libsystem_pthread.dylib
0x0000000007b92000 	/usr/lib/system/libsystem_sandbox.dylib
0x0000000007b92000 	/usr/lib/system/libsystem_secinit.dylib
0x0000000007b92000 	/usr/lib/system/libsystem_trace.dylib
0x0000000007b92000 	/usr/lib/system/libunc.dylib
0x0000000007b92000 	/usr/lib/system/libunwind.dylib
0x0000000007b92000 	/usr/lib/system/libxpc.dylib
0x0000000007b92000 	/usr/lib/libenergytrace.dylib
0x0000000007b92000 	/usr/lib/libbsm.0.dylib
0x0000000007b92000 	/usr/lib/system/libkxld.dylib
0x0000000007b92000 	/usr/lib/libxar.1.dylib
0x0000000007b92000 	/usr/lib/libsqlite3.dylib
0x0000000007b92000 	/usr/lib/libpam.2.dylib
0x0000000007b92000 	/usr/lib/libOpenScriptingUtil.dylib
0x0000000007b92000 	/usr/lib/libbz2.1.0.dylib
0x0000000007b92000 	/usr/lib/liblzma.5.dylib
0x0000000007b92000 	/System/Library/Frameworks/CoreServices.framework/Versions/A/Frameworks/FSEvents.framework/Versions/A/FSEvents
0x0000000007b92000 	/System/Library/Frameworks/CoreServices.framework/Versions/A/Frameworks/CarbonCore.framework/Versions/A/CarbonCore
0x0000000007b92000 	/System/Library/Frameworks/CoreServices.framework/Versions/A/Frameworks/Metadata.framework/Versions/A/Metadata
0x0000000007b92000 	/System/Library/Frameworks/CoreServices.framework/Versions/A/Frameworks/OSServices.framework/Versions/A/OSServices
0x0000000007b92000 	/System/Library/Frameworks/CoreServices.framework/Versions/A/Frameworks/SearchKit.framework/Versions/A/SearchKit
0x0000000007b92000 	/System/Library/Frameworks/CoreServices.framework/Versions/A/Frameworks/AE.framework/Versions/A/AE
0x0000000007b92000 	/System/Library/Frameworks/CoreServices.framework/Versions/A/Frameworks/LaunchServices.framework/Versions/A/LaunchServices
0x0000000007b92000 	/System/Library/Frameworks/CoreServices.framework/Versions/A/Frameworks/DictionaryServices.framework/Versions/A/DictionaryServices
0x0000000007b92000 	/System/Library/Frameworks/CoreServices.framework/Versions/A/Frameworks/SharedFileList.framework/Versions/A/SharedFileList
0x0000000007b92000 	/System/Library/Frameworks/NetFS.framework/Versions/A/NetFS
0x0000000007b92000 	/System/Library/PrivateFrameworks/NetAuth.framework/Versions/A/NetAuth
0x0000000007b92000 	/System/Library/PrivateFrameworks/login.framework/Versions/A/Frameworks/loginsupport.framework/Versions/A/loginsupport
0x0000000007b92000 	/System/Library/PrivateFrameworks/TCC.framework/Versions/A/TCC
0x0000000007b92000 	/usr/lib/libmecabra.dylib
0x0000000007b92000 	/System/Library/Frameworks/ApplicationServices.framework/Versions/A/Frameworks/ATS.framework/Versions/A/ATS
0x0000000007b92000 	/System/Library/Frameworks/ApplicationServices.framework/Versions/A/Frameworks/ColorSync.framework/Versions/A/ColorSync
0x0000000007b92000 	/System/Library/Frameworks/ApplicationServices.framework/Versions/A/Frameworks/HIServices.framework/Versions/A/HIServices
0x0000000007b92000 	/System/Library/Frameworks/ApplicationServices.framework/Versions/A/Frameworks/LangAnalysis.framework/Versions/A/LangAnalysis
0x0000000007b92000 	/System/Library/Frameworks/ApplicationServices.framework/Versions/A/Frameworks/PrintCore.framework/Versions/A/PrintCore
0x0000000007b92000 	/System/Library/Frameworks/ApplicationServices.framework/Versions/A/Frameworks/QD.framework/Versions/A/QD
0x0000000007b92000 	/System/Library/Frameworks/ApplicationServices.framework/Versions/A/Frameworks/SpeechSynthesis.framework/Versions/A/SpeechSynthesis
0x0000000007b92000 	/System/Library/Frameworks/Metal.framework/Versions/A/Metal
0x0000000007b92000 	/System/Library/Frameworks/Accelerate.framework/Versions/A/Frameworks/vImage.framework/Versions/A/vImage
0x0000000007b92000 	/System/Library/Frameworks/Accelerate.framework/Versions/A/Frameworks/vecLib.framework/Versions/A/vecLib
0x0000000007b92000 	/System/Library/Frameworks/Accelerate.framework/Versions/A/Frameworks/vecLib.framework/Versions/A/libvDSP.dylib
0x0000000007b92000 	/System/Library/Frameworks/Accelerate.framework/Versions/A/Frameworks/vecLib.framework/Versions/A/libvMisc.dylib
0x0000000007b92000 	/System/Library/Frameworks/Accelerate.framework/Versions/A/Frameworks/vecLib.framework/Versions/A/libLAPACK.dylib
0x0000000007b92000 	/System/Library/Frameworks/Accelerate.framework/Versions/A/Frameworks/vecLib.framework/Versions/A/libBLAS.dylib
0x0000000007b92000 	/System/Library/Frameworks/Accelerate.framework/Versions/A/Frameworks/vecLib.framework/Versions/A/libLinearAlgebra.dylib
0x0000000007b92000 	/System/Library/Frameworks/Accelerate.framework/Versions/A/Frameworks/vecLib.framework/Versions/A/libSparseBLAS.dylib
0x0000000007b92000 	/System/Library/PrivateFrameworks/GPUCompiler.framework/libmetal_timestamp.dylib
0x0000000007b92000 	/System/Library/Frameworks/OpenGL.framework/Versions/A/Libraries/libCoreFSCache.dylib
0x0000000007b92000 	/System/Library/PrivateFrameworks/IOAccelerator.framework/Versions/A/IOAccelerator
0x0000000007b92000 	/System/Library/Frameworks/ApplicationServices.framework/Versions/A/Frameworks/ATS.framework/Versions/A/Resources/libFontParser.dylib
0x0000000007b92000 	/System/Library/Frameworks/ApplicationServices.framework/Versions/A/Frameworks/ATS.framework/Versions/A/Resources/libFontRegistry.dylib
0x0000000007b92000 	/System/Library/PrivateFrameworks/AppleVPA.framework/Versions/A/AppleVPA
0x0000000007b92000 	/System/Library/PrivateFrameworks/AppleJPEG.framework/Versions/A/AppleJPEG
0x0000000007b92000 	/System/Library/Frameworks/ImageIO.framework/Versions/A/Resources/libJPEG.dylib
0x0000000007b92000 	/System/Library/Frameworks/ImageIO.framework/Versions/A/Resources/libTIFF.dylib
0x0000000007b92000 	/System/Library/Frameworks/ImageIO.framework/Versions/A/Resources/libPng.dylib
0x0000000007b92000 	/System/Library/Frameworks/ImageIO.framework/Versions/A/Resources/libGIF.dylib
0x0000000007b92000 	/System/Library/Frameworks/ImageIO.framework/Versions/A/Resources/libJP2.dylib
0x0000000007b92000 	/System/Library/Frameworks/ImageIO.framework/Versions/A/Resources/libRadiance.dylib
0x0000000007b92000 	/System/Library/Frameworks/CoreVideo.framework/Versions/A/CoreVideo
0x0000000007b92000 	/System/Library/Frameworks/OpenGL.framework/Versions/A/Libraries/libGLU.dylib
0x0000000007b92000 	/System/Library/Frameworks/OpenGL.framework/Versions/A/Libraries/libGFXShared.dylib
0x0000000007b92000 	/System/Library/Frameworks/OpenGL.framework/Versions/A/Libraries/libGL.dylib
0x0000000007b92000 	/System/Library/Frameworks/OpenGL.framework/Versions/A/Libraries/libGLImage.dylib
0x0000000007b92000 	/System/Library/Frameworks/OpenGL.framework/Versions/A/Libraries/libCVMSPluginSupport.dylib
0x0000000007b92000 	/System/Library/Frameworks/OpenGL.framework/Versions/A/Libraries/libCoreVMClient.dylib
0x0000000007b92000 	/usr/lib/libcompression.dylib
0x0000000007b92000 	/usr/lib/libcups.2.dylib
0x0000000007b92000 	/System/Library/Frameworks/Kerberos.framework/Versions/A/Kerberos
0x0000000007b92000 	/System/Library/Frameworks/GSS.framework/Versions/A/GSS
0x0000000007b92000 	/usr/lib/libresolv.9.dylib
0x0000000007b92000 	/usr/lib/libiconv.2.dylib
0x0000000007b92000 	/System/Library/PrivateFrameworks/Heimdal.framework/Versions/A/Heimdal
0x0000000007b92000 	/usr/lib/libheimdal-asn1.dylib
0x0000000007b92000 	/System/Library/Frameworks/OpenDirectory.framework/Versions/A/OpenDirectory
0x0000000007b92000 	/System/Library/PrivateFrameworks/CommonAuth.framework/Versions/A/CommonAuth
0x0000000007b92000 	/System/Library/Frameworks/OpenDirectory.framework/Versions/A/Frameworks/CFOpenDirectory.framework/Versions/A/CFOpenDirectory
0x0000000007b92000 	/System/Library/Frameworks/SecurityFoundation.framework/Versions/A/SecurityFoundation
0x0000000007b92000 	/System/Library/PrivateFrameworks/LanguageModeling.framework/Versions/A/LanguageModeling
0x0000000007b92000 	/usr/lib/libmarisa.dylib
0x0000000007b92000 	/usr/lib/libChineseTokenizer.dylib
0x0000000007b92000 	/usr/lib/libcmph.dylib
0x0000000007b92000 	/System/Library/Frameworks/ServiceManagement.framework/Versions/A/ServiceManagement
0x0000000007b92000 	/usr/lib/libxslt.1.dylib
0x0000000007b92000 	/System/Library/Frameworks/Carbon.framework/Versions/A/Frameworks/Ink.framework/Versions/A/Ink
0x0000000007b92000 	/usr/lib/libFosl_dynamic.dylib
0x0000000007b92000 	/System/Library/PrivateFrameworks/FaceCore.framework/Versions/A/FaceCore
0x0000000007b92000 	/System/Library/Frameworks/OpenCL.framework/Versions/A/OpenCL
0x0000000007b92000 	/System/Library/PrivateFrameworks/CrashReporterSupport.framework/Versions/A/CrashReporterSupport
0x0000000007b92000 	/System/Library/PrivateFrameworks/IconServices.framework/Versions/A/IconServices
0x0000000007b92000 	/System/Library/PrivateFrameworks/Apple80211.framework/Versions/A/Apple80211
0x0000000007b92000 	/System/Library/Frameworks/CoreWLAN.framework/Versions/A/CoreWLAN
0x0000000007b92000 	/System/Library/Frameworks/IOBluetooth.framework/Versions/A/IOBluetooth
0x0000000007b92000 	/System/Library/PrivateFrameworks/CoreWiFi.framework/Versions/A/CoreWiFi
0x0000000007b92000 	/System/Library/Frameworks/CoreBluetooth.framework/Versions/A/CoreBluetooth
0x0000000007b92000 	/System/Library/PrivateFrameworks/ChunkingLibrary.framework/Versions/A/ChunkingLibrary
0x0000000007b92000 	/System/Library/PrivateFrameworks/DebugSymbols.framework/Versions/A/DebugSymbols
0x0000000007b92000 	/System/Library/PrivateFrameworks/CoreSymbolication.framework/Versions/A/CoreSymbolication
0x0000000007b92000 	/System/Library/PrivateFrameworks/Symbolication.framework/Versions/A/Symbolication
0x0000000007b92000 	/System/Library/PrivateFrameworks/SpeechRecognitionCore.framework/Versions/A/SpeechRecognitionCore
0x0000000109e00000 	/Library/Java/JavaVirtualMachines/jdk1.8.0_112.jdk/Contents/Home/jre/lib/server/libjvm.dylib
0x0000000007b92000 	/usr/lib/libstdc++.6.dylib
0x0000000108dd4000 	/Library/Java/JavaVirtualMachines/jdk1.8.0_112.jdk/Contents/Home/jre/lib/libverify.dylib
0x000000010ada2000 	/Library/Java/JavaVirtualMachines/jdk1.8.0_112.jdk/Contents/Home/jre/lib/libjava.dylib
0x0000000108dec000 	/Library/Java/JavaVirtualMachines/jdk1.8.0_112.jdk/Contents/Home/jre/lib/libzip.dylib
0x0000000125e64000 	/System/Library/Frameworks/JavaVM.framework/Frameworks/JavaRuntimeSupport.framework/JavaRuntimeSupport
0x0000000125e7f000 	/System/Library/Frameworks/JavaVM.framework/Versions/A/Frameworks/JavaNativeFoundation.framework/Versions/A/JavaNativeFoundation
0x0000000125e94000 	/System/Library/Frameworks/JavaVM.framework/Versions/A/JavaVM
0x0000000007b92000 	/System/Library/Frameworks/Carbon.framework/Versions/A/Carbon
0x0000000125ea1000 	/System/Library/PrivateFrameworks/JavaLaunching.framework/Versions/A/JavaLaunching
0x0000000007b92000 	/System/Library/Frameworks/Carbon.framework/Versions/A/Frameworks/CommonPanels.framework/Versions/A/CommonPanels
0x0000000007b92000 	/System/Library/Frameworks/Carbon.framework/Versions/A/Frameworks/Help.framework/Versions/A/Help
0x0000000007b92000 	/System/Library/Frameworks/Carbon.framework/Versions/A/Frameworks/ImageCapture.framework/Versions/A/ImageCapture
0x0000000007b92000 	/System/Library/Frameworks/Carbon.framework/Versions/A/Frameworks/OpenScripting.framework/Versions/A/OpenScripting
0x0000000007b92000 	/System/Library/Frameworks/Carbon.framework/Versions/A/Frameworks/Print.framework/Versions/A/Print
0x0000000007b92000 	/System/Library/Frameworks/Carbon.framework/Versions/A/Frameworks/SecurityHI.framework/Versions/A/SecurityHI
0x000000012788a000 	/Library/Java/JavaVirtualMachines/jdk1.8.0_112.jdk/Contents/Home/jre/lib/libprism_es2.dylib
0x0000000007b92000 	/System/Library/Frameworks/OpenGL.framework/Versions/A/Resources/GLEngine.bundle/GLEngine
0x0000000007b92000 	/System/Library/Frameworks/OpenGL.framework/Versions/A/Libraries/libGLProgrammability.dylib
0x0000000127a89000 	/System/Library/Extensions/AppleIntelHD5000GraphicsGLDriver.bundle/Contents/MacOS/AppleIntelHD5000GraphicsGLDriver
0x0000000007b92000 	/System/Library/PrivateFrameworks/GPUSupport.framework/Versions/A/Libraries/libGPUSupportMercury.dylib
0x0000000007b92000 	/System/Library/Frameworks/OpenGL.framework/Versions/A/Resources/GLRendererFloat.bundle/GLRendererFloat
0x0000000007b92000 	/System/Library/Frameworks/OpenCL.framework/Versions/A/Libraries/libcldcpuengine.dylib
0x0000000007b92000 	/System/Library/PrivateFrameworks/DiskImages.framework/Versions/A/DiskImages
0x0000000007b92000 	/System/Library/Frameworks/DiscRecording.framework/Versions/A/DiscRecording
0x0000000007b92000 	/usr/lib/libcsfde.dylib
0x0000000007b92000 	/usr/lib/libcurl.4.dylib
0x0000000007b92000 	/System/Library/PrivateFrameworks/MediaKit.framework/Versions/A/MediaKit
0x0000000007b92000 	/System/Library/PrivateFrameworks/ProtectedCloudStorage.framework/Versions/A/ProtectedCloudStorage
0x0000000007b92000 	/usr/lib/libCoreStorage.dylib
0x0000000007b92000 	/System/Library/PrivateFrameworks/EFILogin.framework/Versions/A/EFILogin
0x0000000007b92000 	/usr/lib/libutil.dylib
0x0000000007b92000 	/System/Library/PrivateFrameworks/FindMyDevice.framework/Versions/A/FindMyDevice
0x0000000007b92000 	/System/Library/Frameworks/LDAP.framework/Versions/A/LDAP
0x0000000007b92000 	/usr/lib/libsasl2.2.dylib
0x0000000007b92000 	/System/Library/PrivateFrameworks/CoreDaemon.framework/Versions/B/CoreDaemon
0x0000000007b92000 	/usr/lib/libcrypto.0.9.8.dylib
0x0000000007b92000 	/System/Library/PrivateFrameworks/AppleSRP.framework/Versions/A/AppleSRP
0x0000000007b92000 	/System/Library/PrivateFrameworks/TrustEvaluationAgent.framework/Versions/A/TrustEvaluationAgent
0x000000012860a000 	/Library/Java/JavaVirtualMachines/jdk1.8.0_112.jdk/Contents/Home/jre/lib/libglass.dylib
0x0000000007b92000 	/System/Library/PrivateFrameworks/CoreServicesInternal.framework/Versions/A/CoreServicesInternal
0x0000000007b92000 	/System/Library/CoreServices/RawCamera.bundle/Contents/MacOS/RawCamera
0x0000000007b92000 	/System/Library/Frameworks/CoreGraphics.framework/Versions/A/Resources/libRIP.A.dylib
0x0000000007b92000 	/System/Library/Frameworks/Accelerate.framework/Versions/A/Frameworks/vImage.framework/Versions/A/Libraries/libCGInterfaces.dylib
0x0000000007b92000 	/System/Library/PrivateFrameworks/FamilyControls.framework/Versions/A/FamilyControls
0x0000000007b92000 	/System/Library/PrivateFrameworks/CommerceKit.framework/Versions/A/Frameworks/CommerceCore.framework/Versions/A/CommerceCore
0x0000000007b92000 	/System/Library/PrivateFrameworks/SystemAdministration.framework/Versions/A/SystemAdministration
0x0000000007b92000 	/System/Library/PrivateFrameworks/AppContainer.framework/Versions/A/AppContainer
0x0000000007b92000 	/System/Library/PrivateFrameworks/SecCodeWrapper.framework/Versions/A/SecCodeWrapper
0x0000000007b92000 	/System/Library/Frameworks/DirectoryService.framework/Versions/A/DirectoryService
0x0000000007b92000 	/System/Library/PrivateFrameworks/LoginUIKit.framework/Versions/A/Frameworks/LoginUICore.framework/Versions/A/LoginUICore
0x0000000007b92000 	/usr/lib/libodfde.dylib
0x000000012bcbe000 	/Library/Java/JavaVirtualMachines/jdk1.8.0_112.jdk/Contents/Home/jre/lib/libjavafx_font.dylib
0x0000000007b92000 	/System/Library/Frameworks/CoreGraphics.framework/Versions/A/Resources/libCGXType.A.dylib
0x00000001293d5000 	cl_kernels
0x0000000007b92000 	/System/Library/Frameworks/OpenCL.framework/Versions/A/Libraries/ImageFormats/unorm8_bgra.dylib
0x0000000007b92000 	/System/Library/Frameworks/OpenCL.framework/Versions/A/Libraries/ImageFormats/unorm8_rgba.dylib
0x000000012b599000 	/Library/Java/JavaVirtualMachines/jdk1.8.0_112.jdk/Contents/Home/jre/lib/libprism_common.dylib
0x0000000131b9c000 	/System/Library/Extensions/AppleIntelHD5000GraphicsMTLDriver.bundle/Contents/MacOS/AppleIntelHD5000GraphicsMTLDriver
0x000000012d50d000 	/private/var/folders/x2/tld4kr251sj9hcp0tg409g_00000gn/T/sqlite-3.21.0.1-1fc322de-5e4a-4806-8092-e41ba3a72e11-libsqlitejdbc.jnilib
0x000000012b8bd000 	/Library/Java/JavaVirtualMachines/jdk1.8.0_112.jdk/Contents/Home/jre/lib/libnet.dylib
0x000000012b8d4000 	/Library/Java/JavaVirtualMachines/jdk1.8.0_112.jdk/Contents/Home/jre/lib/libnio.dylib

VM Arguments:
java_command: /Users/stephane/Documents/DRIVE.GOOGLE.MyDrive/DEVELOP/Java/NetBeansProjects/mavenJavaFX05/target/mavenJavaFX05-1.0-SNAPSHOT.jar
java_class_path (initial): /Users/stephane/Documents/DRIVE.GOOGLE.MyDrive/DEVELOP/Java/NetBeansProjects/mavenJavaFX05/target/mavenJavaFX05-1.0-SNAPSHOT.jar
Launcher Type: SUN_STANDARD

Environment Variables:
JAVA_HOME=/Library/Java/JavaVirtualMachines/jdk1.8.0_112.jdk/Contents/Home
PATH=/usr/bin:/bin:/usr/sbin:/sbin
SHELL=/bin/bash

Signal Handlers:
SIGSEGV: [libjvm.dylib+0x5b11a5], sa_mask[0]=11111111011111110111111111111111, sa_flags=SA_ONSTACK|SA_RESTART|SA_SIGINFO
SIGBUS: [libjvm.dylib+0x5b11a5], sa_mask[0]=11111111011111110111111111111111, sa_flags=SA_RESTART|SA_SIGINFO
SIGFPE: [libjvm.dylib+0x487dc0], sa_mask[0]=11111111011111110111111111111111, sa_flags=SA_RESTART|SA_SIGINFO
SIGPIPE: [libjvm.dylib+0x487dc0], sa_mask[0]=11111111011111110111111111111111, sa_flags=SA_RESTART|SA_SIGINFO
SIGXFSZ: [libjvm.dylib+0x487dc0], sa_mask[0]=11111111011111110111111111111111, sa_flags=SA_RESTART|SA_SIGINFO
SIGILL: [libjvm.dylib+0x487dc0], sa_mask[0]=11111111011111110111111111111111, sa_flags=SA_RESTART|SA_SIGINFO
SIGUSR1: SIG_DFL, sa_mask[0]=11011111011111100000000111000110, sa_flags=none
SIGUSR2: [libjvm.dylib+0x4878de], sa_mask[0]=00100000000000000000000000000000, sa_flags=SA_RESTART|SA_SIGINFO
SIGHUP: [libjvm.dylib+0x485eb5], sa_mask[0]=11111111011111110111111111111111, sa_flags=SA_RESTART|SA_SIGINFO
SIGINT: SIG_IGN, sa_mask[0]=00000000000000000000000000000000, sa_flags=none
SIGTERM: [libjvm.dylib+0x485eb5], sa_mask[0]=11111111011111110111111111111111, sa_flags=SA_RESTART|SA_SIGINFO
SIGQUIT: [libjvm.dylib+0x485eb5], sa_mask[0]=11111111011111110111111111111111, sa_flags=SA_RESTART|SA_SIGINFO


---------------  S Y S T E M  ---------------

OS:Bsduname:Darwin 15.5.0 Darwin Kernel Version 15.5.0: Tue Apr 19 18:36:36 PDT 2016; root:xnu-3248.50.21~8/RELEASE_X86_64 x86_64
rlimit: STACK 8192k, CORE 0k, NPROC 709, NOFILE 10240, AS infinity
load average:5.00 2.81 2.37

CPU:total 8 (4 cores per cpu, 2 threads per core) family 6 model 70 stepping 1, cmov, cx8, fxsr, mmx, sse, sse2, sse3, ssse3, sse4.1, sse4.2, popcnt, avx, avx2, aes, clmul, erms, lzcnt, ht, tsc, tscinvbit, bmi1, bmi2

Memory: 4k page, physical 16777216k(1939820k free)

/proc/meminfo:


vm_info: Java HotSpot(TM) 64-Bit Server VM (25.112-b16) for bsd-amd64 JRE (1.8.0_112-b16), built on Sep 30 2016 22:41:41 by "java_re" with gcc 4.2.1 (Based on Apple Inc. build 5658) (LLVM build 2336.11.00)

time: Sat Jan 27 15:39:15 2018
elapsed time: 11 seconds (0d 0h 0m 11s)

