#
# A fatal error has been detected by the Java Runtime Environment:
#
#  SIGBUS (0xa) at pc=0x000000010389ae92, pid=81901, tid=0x0000000000000a0b
#
# JRE version: Java(TM) SE Runtime Environment (8.0_112-b16) (build 1.8.0_112-b16)
# Java VM: Java HotSpot(TM) 64-Bit Server VM (25.112-b16 mixed mode bsd-amd64 compressed oops)
# Problematic frame:
# C  [libzip.dylib+0x2e92]  newEntry+0x154
#
# Failed to write core dump. Core dumps have been disabled. To enable core dumping, try "ulimit -c unlimited" before starting Java again
#
# If you would like to submit a bug report, please visit:
#   http://bugreport.java.com/bugreport/crash.jsp
# The crash happened outside the Java Virtual Machine in native code.
# See problematic frame for where to report the bug.
#

---------------  T H R E A D  ---------------

Current thread (0x00007fa0bc1ef000):  JavaThread "JavaFX Application Thread" [_thread_in_native, id=2571, stack(0x00007fff5be67000,0x00007fff5c667000)]

siginfo: si_signo: 10 (SIGBUS), si_code: 2 (BUS_ADRERR), si_addr: 0x0000000123e8386a

Registers:
RAX=0x00007fa0bffdc190, RBX=0x0000000123e8385e, RCX=0x0000000000000400, RDX=0x0000000000000000
RSP=0x00007fff5c6601b0, RBP=0x00007fff5c660210, RSI=0x00007fa0bb900000, RDI=0x00000001035bc000
R8 =0x0000000000000004, R9 =0x00000000ffe00000, R10=0x0000000105b5b898, R11=0x00007ff7eccbab3e
R12=0x00007fa0bffdc350, R13=0x0000000000000020, R14=0x000000004eecb6d3, R15=0x00007fa0b9622c50
RIP=0x000000010389ae92, EFLAGS=0x0000000000010202, ERR=0x0000000000000004
  TRAPNO=0x000000000000000e

Top of Stack: (sp=0x00007fff5c6601b0)
0x00007fff5c6601b0:   00000007c03d5c30 00000000b96b6e00
0x00007fff5c6601c0:   00000007c03d5c30 0000000103919590
0x00007fff5c6601d0:   00007fff5c6601f0 00007fa0bffdc190
0x00007fff5c6601e0:   00007fa0bb949900 00007fa0bffdc190
0x00007fff5c6601f0:   00007fa0bffdc350 0000000000000020
0x00007fff5c660200:   000000004eecb6d3 00007fa0b9622c50
0x00007fff5c660210:   00007fff5c660270 000000010389b52d
0x00007fff5c660220:   00007fff5c66029f 00007fff5c66029e
0x00007fff5c660230:   0000000f00000000 00000010001ef000
0x00007fff5c660240:   00007fff5c66028e 00007fff5c6606d8
0x00007fff5c660250:   0000000000000010 00007fff5c66028e
0x00007fff5c660260:   00007fa0bffdc190 00007fa0bc1ef1f8
0x00007fff5c660270:   00007fff5c6606c0 000000010389a238
0x00007fff5c660280:   00000000ffffffff 6f64000000000000
0x00007fff5c660290:   612f73706f725063 00006c6d782e7070
0x00007fff5c6602a0:   000000012d78a660 00007fa0bc1ef000
0x00007fff5c6602b0:   000000012d78a660 00000000ffffffff
0x00007fff5c6602c0:   00007fff5c660300 0000000104bab6d7
0x00007fff5c6602d0:   000000012d78a660 00007fa0bc1ef000
0x00007fff5c6602e0:   000000012d78a660 00000000ffffffff
0x00007fff5c6602f0:   000000012d78a660 000000012d78a660
0x00007fff5c660300:   00007fff5c660340 0000000104babd2a
0x00007fff5c660310:   000000012d78a660 00007fa0bc1ef000
0x00007fff5c660320:   0000000000000000 000000012d78a660
0x00007fff5c660330:   0000000000000001 00007fff5c660408
0x00007fff5c660340:   00007fff5c6603d0 0000000104dcbf3c
0x00007fff5c660350:   00000007c02fae90 000000012d78a660
0x00007fff5c660360:   00007fa0bc1ef000 0000000104dcab89
0x00007fff5c660370:   0000000100000001 00007fa0bc1ef000
0x00007fff5c660380:   00007fff5c6603a0 000000012d78a660
0x00007fff5c660390:   00007fff5c6603b0 000000012d78a660
0x00007fff5c6603a0:   000000012d78a660 000000012d78a660 

Instructions: (pc=0x000000010389ae92)
0x000000010389ae72:   49 8b 7f 38 e8 5b 1b 00 00 4d 89 77 38 49 89 5f
0x000000010389ae82:   40 4c 89 f0 48 85 c0 0f 84 11 05 00 00 48 89 c3
0x000000010389ae92:   0f b6 43 0c 0f b6 4b 0d 48 c1 e1 08 48 01 c1 0f
0x000000010389aea2:   b6 43 0e 0f b6 53 0f 48 c1 e2 08 48 01 c2 48 c1 

Register to memory mapping:

RAX=0x00007fa0bffdc190 is an unknown value
RBX=0x0000000123e8385e is an unknown value
RCX=0x0000000000000400 is an unknown value
RDX=0x0000000000000000 is an unknown value
RSP=0x00007fff5c6601b0 is pointing into the stack for thread: 0x00007fa0bc1ef000
RBP=0x00007fff5c660210 is pointing into the stack for thread: 0x00007fa0bc1ef000
RSI=0x00007fa0bb900000 is an unknown value
RDI=0x00000001035bc000 is an unknown value
R8 =0x0000000000000004 is an unknown value
R9 =0x00000000ffe00000 is an unknown value
R10=0x0000000105b5b898 is at entry_point+88 in (nmethod*)0x0000000105b5b6d0
R11=0x00007ff7eccbab3e is an unknown value
R12=0x00007fa0bffdc350 is an unknown value
R13=0x0000000000000020 is an unknown value
R14=0x000000004eecb6d3 is an unknown value
R15=0x00007fa0b9622c50 is an unknown value


Stack: [0x00007fff5be67000,0x00007fff5c667000],  sp=0x00007fff5c6601b0,  free space=8164k
Native frames: (J=compiled Java code, j=interpreted, Vv=VM code, C=native code)
C  [libzip.dylib+0x2e92]  newEntry+0x154
C  [libzip.dylib+0x352d]  ZIP_GetEntry2+0xd4
C  [libzip.dylib+0x2238]  Java_java_util_zip_ZipFile_getEntry+0xcf
J 350  java.util.zip.ZipFile.getEntry(J[BZ)J (0 bytes) @ 0x0000000105b5b90e [0x0000000105b5b840+0xce]
J 458 C1 java.util.zip.ZipFile.getInputStream(Ljava/util/zip/ZipEntry;)Ljava/io/InputStream; (304 bytes) @ 0x0000000105baa94c [0x0000000105baa5c0+0x38c]
j  org.apache.poi.openxml4j.util.ZipSecureFile.getInputStream(Ljava/util/zip/ZipEntry;)Ljava/io/InputStream;+2
j  org.apache.poi.openxml4j.util.ZipFileZipEntrySource.getInputStream(Ljava/util/zip/ZipEntry;)Ljava/io/InputStream;+22
j  org.apache.poi.openxml4j.opc.ZipPackagePart.getInputStreamImpl()Ljava/io/InputStream;+14
j  org.apache.poi.openxml4j.opc.PackagePart.getInputStream()Ljava/io/InputStream;+1
j  org.apache.poi.POIXMLProperties.<init>(Lorg/apache/poi/openxml4j/opc/OPCPackage;)V+69
j  org.apache.poi.POIXMLDocument.getProperties()Lorg/apache/poi/POIXMLProperties;+16
j  org.apache.poi.POIXMLDocument.write(Ljava/io/OutputStream;)V+39
j  com.steph.mavenjavafx05.sSQLiteManager.saveWorkbookToExcelFile(Lorg/apache/poi/ss/usermodel/Workbook;Ljava/lang/String;)V+27
j  com.steph.mavenjavafx05.FXMLController.OnAction_BTN_2_CALCUL_HEURES(Ljavafx/event/ActionEvent;)V+300
v  ~StubRoutines::call_stub
V  [libjvm.dylib+0x2edbd2]
V  [libjvm.dylib+0x4d28c0]
V  [libjvm.dylib+0x4d2df4]
V  [libjvm.dylib+0x345fb4]
j  sun.reflect.NativeMethodAccessorImpl.invoke0(Ljava/lang/reflect/Method;Ljava/lang/Object;[Ljava/lang/Object;)Ljava/lang/Object;+0
j  sun.reflect.NativeMethodAccessorImpl.invoke(Ljava/lang/Object;[Ljava/lang/Object;)Ljava/lang/Object;+100
J 800 C1 sun.reflect.DelegatingMethodAccessorImpl.invoke(Ljava/lang/Object;[Ljava/lang/Object;)Ljava/lang/Object; (10 bytes) @ 0x0000000105c8ba0c [0x0000000105c8b900+0x10c]
J 777 C1 java.lang.reflect.Method.invoke(Ljava/lang/Object;[Ljava/lang/Object;)Ljava/lang/Object; (62 bytes) @ 0x0000000105c7945c [0x0000000105c79060+0x3fc]
J 875 C1 sun.reflect.GeneratedMethodAccessor1.invoke(Ljava/lang/Object;[Ljava/lang/Object;)Ljava/lang/Object; (65 bytes) @ 0x0000000105cc9c7c [0x0000000105cc98c0+0x3bc]
J 800 C1 sun.reflect.DelegatingMethodAccessorImpl.invoke(Ljava/lang/Object;[Ljava/lang/Object;)Ljava/lang/Object; (10 bytes) @ 0x0000000105c8ba0c [0x0000000105c8b900+0x10c]
J 777 C1 java.lang.reflect.Method.invoke(Ljava/lang/Object;[Ljava/lang/Object;)Ljava/lang/Object; (62 bytes) @ 0x0000000105c7945c [0x0000000105c79060+0x3fc]
J 849 C1 sun.reflect.misc.MethodUtil.invoke(Ljava/lang/reflect/Method;Ljava/lang/Object;[Ljava/lang/Object;)Ljava/lang/Object; (111 bytes) @ 0x0000000105cb90cc [0x0000000105cb8c00+0x4cc]
j  javafx.fxml.FXMLLoader$MethodHandler.invoke([Ljava/lang/Object;)V+19
j  javafx.fxml.FXMLLoader$ControllerMethodEventHandler.handle(Ljavafx/event/Event;)V+12
j  com.sun.javafx.event.CompositeEventHandler.dispatchBubblingEvent(Ljavafx/event/Event;)V+51
J 2369 C1 com.sun.javafx.event.EventHandlerManager.dispatchBubblingEvent(Ljavafx/event/EventType;Ljavafx/event/Event;)Ljavafx/event/Event; (34 bytes) @ 0x0000000106109aa4 [0x0000000106109540+0x564]
j  com.sun.javafx.event.EventHandlerManager.dispatchBubblingEvent(Ljavafx/event/Event;)Ljavafx/event/Event;+8
j  com.sun.javafx.event.CompositeEventDispatcher.dispatchBubblingEvent(Ljavafx/event/Event;)Ljavafx/event/Event;+11
J 2506 C1 com.sun.javafx.event.BasicEventDispatcher.dispatchEvent(Ljavafx/event/Event;Ljavafx/event/EventDispatchChain;)Ljavafx/event/Event; (44 bytes) @ 0x00000001061625bc [0x0000000106162280+0x33c]
J 2382 C1 com.sun.javafx.event.EventDispatchChainImpl.dispatchEvent(Ljavafx/event/Event;)Ljavafx/event/Event; (101 bytes) @ 0x000000010610d6d4 [0x000000010610d520+0x1b4]
J 2506 C1 com.sun.javafx.event.BasicEventDispatcher.dispatchEvent(Ljavafx/event/Event;Ljavafx/event/EventDispatchChain;)Ljavafx/event/Event; (44 bytes) @ 0x00000001061624d4 [0x0000000106162280+0x254]
J 2382 C1 com.sun.javafx.event.EventDispatchChainImpl.dispatchEvent(Ljavafx/event/Event;)Ljavafx/event/Event; (101 bytes) @ 0x000000010610d6d4 [0x000000010610d520+0x1b4]
J 2506 C1 com.sun.javafx.event.BasicEventDispatcher.dispatchEvent(Ljavafx/event/Event;Ljavafx/event/EventDispatchChain;)Ljavafx/event/Event; (44 bytes) @ 0x00000001061624d4 [0x0000000106162280+0x254]
J 2382 C1 com.sun.javafx.event.EventDispatchChainImpl.dispatchEvent(Ljavafx/event/Event;)Ljavafx/event/Event; (101 bytes) @ 0x000000010610d6d4 [0x000000010610d520+0x1b4]
J 2506 C1 com.sun.javafx.event.BasicEventDispatcher.dispatchEvent(Ljavafx/event/Event;Ljavafx/event/EventDispatchChain;)Ljavafx/event/Event; (44 bytes) @ 0x00000001061624d4 [0x0000000106162280+0x254]
J 2382 C1 com.sun.javafx.event.EventDispatchChainImpl.dispatchEvent(Ljavafx/event/Event;)Ljavafx/event/Event; (101 bytes) @ 0x000000010610d6d4 [0x000000010610d520+0x1b4]
j  com.sun.javafx.event.EventUtil.fireEventImpl(Ljavafx/event/EventDispatchChain;Ljavafx/event/EventTarget;Ljavafx/event/Event;)Ljavafx/event/Event;+10
j  com.sun.javafx.event.EventUtil.fireEvent(Ljavafx/event/EventTarget;Ljavafx/event/Event;)Ljavafx/event/Event;+37
j  javafx.event.Event.fireEvent(Ljavafx/event/EventTarget;Ljavafx/event/Event;)V+30
j  javafx.scene.Node.fireEvent(Ljavafx/event/Event;)V+86
j  javafx.scene.control.Button.fire()V+15
j  com.sun.javafx.scene.control.behavior.ButtonBehavior.mouseReleased(Ljavafx/scene/input/MouseEvent;)V+23
j  com.sun.javafx.scene.control.skin.BehaviorSkinBase$1.handle(Ljavafx/scene/input/MouseEvent;)V+83
j  com.sun.javafx.scene.control.skin.BehaviorSkinBase$1.handle(Ljavafx/event/Event;)V+5
j  com.sun.javafx.event.CompositeEventHandler$NormalEventHandlerRecord.handleBubblingEvent(Ljavafx/event/Event;)V+5
j  com.sun.javafx.event.CompositeEventHandler.dispatchBubblingEvent(Ljavafx/event/Event;)V+28
J 2369 C1 com.sun.javafx.event.EventHandlerManager.dispatchBubblingEvent(Ljavafx/event/EventType;Ljavafx/event/Event;)Ljavafx/event/Event; (34 bytes) @ 0x0000000106109aa4 [0x0000000106109540+0x564]
j  com.sun.javafx.event.EventHandlerManager.dispatchBubblingEvent(Ljavafx/event/Event;)Ljavafx/event/Event;+8
j  com.sun.javafx.event.CompositeEventDispatcher.dispatchBubblingEvent(Ljavafx/event/Event;)Ljavafx/event/Event;+11
J 2506 C1 com.sun.javafx.event.BasicEventDispatcher.dispatchEvent(Ljavafx/event/Event;Ljavafx/event/EventDispatchChain;)Ljavafx/event/Event; (44 bytes) @ 0x00000001061625bc [0x0000000106162280+0x33c]
J 2382 C1 com.sun.javafx.event.EventDispatchChainImpl.dispatchEvent(Ljavafx/event/Event;)Ljavafx/event/Event; (101 bytes) @ 0x000000010610d6d4 [0x000000010610d520+0x1b4]
J 2506 C1 com.sun.javafx.event.BasicEventDispatcher.dispatchEvent(Ljavafx/event/Event;Ljavafx/event/EventDispatchChain;)Ljavafx/event/Event; (44 bytes) @ 0x00000001061624d4 [0x0000000106162280+0x254]
J 2382 C1 com.sun.javafx.event.EventDispatchChainImpl.dispatchEvent(Ljavafx/event/Event;)Ljavafx/event/Event; (101 bytes) @ 0x000000010610d6d4 [0x000000010610d520+0x1b4]
J 2506 C1 com.sun.javafx.event.BasicEventDispatcher.dispatchEvent(Ljavafx/event/Event;Ljavafx/event/EventDispatchChain;)Ljavafx/event/Event; (44 bytes) @ 0x00000001061624d4 [0x0000000106162280+0x254]
J 2382 C1 com.sun.javafx.event.EventDispatchChainImpl.dispatchEvent(Ljavafx/event/Event;)Ljavafx/event/Event; (101 bytes) @ 0x000000010610d6d4 [0x000000010610d520+0x1b4]
J 2506 C1 com.sun.javafx.event.BasicEventDispatcher.dispatchEvent(Ljavafx/event/Event;Ljavafx/event/EventDispatchChain;)Ljavafx/event/Event; (44 bytes) @ 0x00000001061624d4 [0x0000000106162280+0x254]
J 2382 C1 com.sun.javafx.event.EventDispatchChainImpl.dispatchEvent(Ljavafx/event/Event;)Ljavafx/event/Event; (101 bytes) @ 0x000000010610d6d4 [0x000000010610d520+0x1b4]
j  com.sun.javafx.event.EventUtil.fireEventImpl(Ljavafx/event/EventDispatchChain;Ljavafx/event/EventTarget;Ljavafx/event/Event;)Ljavafx/event/Event;+10
j  com.sun.javafx.event.EventUtil.fireEvent(Ljavafx/event/EventTarget;Ljavafx/event/Event;)Ljavafx/event/Event;+46
j  javafx.event.Event.fireEvent(Ljavafx/event/EventTarget;Ljavafx/event/Event;)V+30
j  javafx.scene.Scene$MouseHandler.process(Ljavafx/scene/input/MouseEvent;Z)V+491
j  javafx.scene.Scene$MouseHandler.access$1500(Ljavafx/scene/Scene$MouseHandler;Ljavafx/scene/input/MouseEvent;Z)V+3
j  javafx.scene.Scene.impl_processMouseEvent(Ljavafx/scene/input/MouseEvent;)V+6
j  javafx.scene.Scene$ScenePeerListener.mouseEvent(Ljavafx/event/EventType;DDDDLjavafx/scene/input/MouseButton;ZZZZZZZZZ)V+46
j  com.sun.javafx.tk.quantum.GlassViewEventHandler$MouseEventNotification.run()Ljava/lang/Void;+514
j  com.sun.javafx.tk.quantum.GlassViewEventHandler$MouseEventNotification.run()Ljava/lang/Object;+1
v  ~StubRoutines::call_stub
V  [libjvm.dylib+0x2edbd2]
V  [libjvm.dylib+0x34e310]
J 2373  java.security.AccessController.doPrivileged(Ljava/security/PrivilegedAction;Ljava/security/AccessControlContext;)Ljava/lang/Object; (0 bytes) @ 0x000000010610b055 [0x000000010610af80+0xd5]
j  com.sun.javafx.tk.quantum.GlassViewEventHandler.lambda$handleMouseEvent$354()Ljava/lang/Void;+11
j  com.sun.javafx.tk.quantum.GlassViewEventHandler$$Lambda$285.get()Ljava/lang/Object;+4
J 2385 C1 com.sun.javafx.tk.quantum.QuantumToolkit.runWithoutRenderLock(Ljava/util/function/Supplier;)Ljava/lang/Object; (49 bytes) @ 0x00000001061161b4 [0x0000000106115c80+0x534]
j  com.sun.javafx.tk.quantum.GlassViewEventHandler.handleMouseEvent(Lcom/sun/glass/ui/View;JIIIIIIIZZ)V+103
j  com.sun.glass.ui.View.handleMouseEvent(JIIIIIIIZZ)V+30
j  com.sun.glass.ui.View.notifyMouse(IIIIIIIZZ)V+181
v  ~StubRoutines::call_stub
V  [libjvm.dylib+0x2edbd2]
V  [libjvm.dylib+0x324d61]
V  [libjvm.dylib+0x31752f]
C  [libglass.dylib+0x2055c]  -[GlassViewDelegate sendJavaMouseEvent:]+0x86c
C  [AppKit+0x815713]  -[NSWindow _handleMouseUpEvent:isDelayedEvent:]+0x77
C  [AppKit+0x8163ad]  -[NSWindow _reallySendEvent:isDelayedEvent:]+0xd4
C  [AppKit+0x255539]  -[NSWindow sendEvent:]+0x205
C  [libglass.dylib+0x25994]  -[GlassWindow_Normal sendEvent:]+0x74
C  [AppKit+0x1d5a38]  -[NSApplication sendEvent:]+0x9ec
C  [AppKit+0x3cdf2]  -[NSApplication run]+0x31c
C  [libglass.dylib+0x651c]  -[GlassApplication runLoop:]+0x72c
C  [Foundation+0x76fde]  __NSThreadPerformPerform+0x117
C  [CoreFoundation+0xaa881]  __CFRUNLOOP_IS_CALLING_OUT_TO_A_SOURCE0_PERFORM_FUNCTION__+0x11
C  [CoreFoundation+0x89fbc]  __CFRunLoopDoSources0+0x22c
C  [CoreFoundation+0x894df]  __CFRunLoopRun+0x39f
C  [CoreFoundation+0x88ed8]  CFRunLoopRunSpecific+0x128
C  [java+0x6465]  CreateExecutionEnvironment+0x367
C  [java+0x218c]  JLI_Launch+0x7a0
...<more frames>...

Java frames: (J=compiled Java code, j=interpreted, Vv=VM code)
J 350  java.util.zip.ZipFile.getEntry(J[BZ)J (0 bytes) @ 0x0000000105b5b898 [0x0000000105b5b840+0x58]
J 458 C1 java.util.zip.ZipFile.getInputStream(Ljava/util/zip/ZipEntry;)Ljava/io/InputStream; (304 bytes) @ 0x0000000105baa94c [0x0000000105baa5c0+0x38c]
j  org.apache.poi.openxml4j.util.ZipSecureFile.getInputStream(Ljava/util/zip/ZipEntry;)Ljava/io/InputStream;+2
j  org.apache.poi.openxml4j.util.ZipFileZipEntrySource.getInputStream(Ljava/util/zip/ZipEntry;)Ljava/io/InputStream;+22
j  org.apache.poi.openxml4j.opc.ZipPackagePart.getInputStreamImpl()Ljava/io/InputStream;+14
j  org.apache.poi.openxml4j.opc.PackagePart.getInputStream()Ljava/io/InputStream;+1
j  org.apache.poi.POIXMLProperties.<init>(Lorg/apache/poi/openxml4j/opc/OPCPackage;)V+69
j  org.apache.poi.POIXMLDocument.getProperties()Lorg/apache/poi/POIXMLProperties;+16
j  org.apache.poi.POIXMLDocument.write(Ljava/io/OutputStream;)V+39
j  com.steph.mavenjavafx05.sSQLiteManager.saveWorkbookToExcelFile(Lorg/apache/poi/ss/usermodel/Workbook;Ljava/lang/String;)V+27
j  com.steph.mavenjavafx05.FXMLController.OnAction_BTN_2_CALCUL_HEURES(Ljavafx/event/ActionEvent;)V+300
v  ~StubRoutines::call_stub
j  sun.reflect.NativeMethodAccessorImpl.invoke0(Ljava/lang/reflect/Method;Ljava/lang/Object;[Ljava/lang/Object;)Ljava/lang/Object;+0
j  sun.reflect.NativeMethodAccessorImpl.invoke(Ljava/lang/Object;[Ljava/lang/Object;)Ljava/lang/Object;+100
J 800 C1 sun.reflect.DelegatingMethodAccessorImpl.invoke(Ljava/lang/Object;[Ljava/lang/Object;)Ljava/lang/Object; (10 bytes) @ 0x0000000105c8ba0c [0x0000000105c8b900+0x10c]
J 777 C1 java.lang.reflect.Method.invoke(Ljava/lang/Object;[Ljava/lang/Object;)Ljava/lang/Object; (62 bytes) @ 0x0000000105c7945c [0x0000000105c79060+0x3fc]
J 875 C1 sun.reflect.GeneratedMethodAccessor1.invoke(Ljava/lang/Object;[Ljava/lang/Object;)Ljava/lang/Object; (65 bytes) @ 0x0000000105cc9c7c [0x0000000105cc98c0+0x3bc]
J 800 C1 sun.reflect.DelegatingMethodAccessorImpl.invoke(Ljava/lang/Object;[Ljava/lang/Object;)Ljava/lang/Object; (10 bytes) @ 0x0000000105c8ba0c [0x0000000105c8b900+0x10c]
J 777 C1 java.lang.reflect.Method.invoke(Ljava/lang/Object;[Ljava/lang/Object;)Ljava/lang/Object; (62 bytes) @ 0x0000000105c7945c [0x0000000105c79060+0x3fc]
J 849 C1 sun.reflect.misc.MethodUtil.invoke(Ljava/lang/reflect/Method;Ljava/lang/Object;[Ljava/lang/Object;)Ljava/lang/Object; (111 bytes) @ 0x0000000105cb90cc [0x0000000105cb8c00+0x4cc]
j  javafx.fxml.FXMLLoader$MethodHandler.invoke([Ljava/lang/Object;)V+19
j  javafx.fxml.FXMLLoader$ControllerMethodEventHandler.handle(Ljavafx/event/Event;)V+12
j  com.sun.javafx.event.CompositeEventHandler.dispatchBubblingEvent(Ljavafx/event/Event;)V+51
J 2369 C1 com.sun.javafx.event.EventHandlerManager.dispatchBubblingEvent(Ljavafx/event/EventType;Ljavafx/event/Event;)Ljavafx/event/Event; (34 bytes) @ 0x0000000106109aa4 [0x0000000106109540+0x564]
j  com.sun.javafx.event.EventHandlerManager.dispatchBubblingEvent(Ljavafx/event/Event;)Ljavafx/event/Event;+8
j  com.sun.javafx.event.CompositeEventDispatcher.dispatchBubblingEvent(Ljavafx/event/Event;)Ljavafx/event/Event;+11
J 2506 C1 com.sun.javafx.event.BasicEventDispatcher.dispatchEvent(Ljavafx/event/Event;Ljavafx/event/EventDispatchChain;)Ljavafx/event/Event; (44 bytes) @ 0x00000001061625bc [0x0000000106162280+0x33c]
J 2382 C1 com.sun.javafx.event.EventDispatchChainImpl.dispatchEvent(Ljavafx/event/Event;)Ljavafx/event/Event; (101 bytes) @ 0x000000010610d6d4 [0x000000010610d520+0x1b4]
J 2506 C1 com.sun.javafx.event.BasicEventDispatcher.dispatchEvent(Ljavafx/event/Event;Ljavafx/event/EventDispatchChain;)Ljavafx/event/Event; (44 bytes) @ 0x00000001061624d4 [0x0000000106162280+0x254]
J 2382 C1 com.sun.javafx.event.EventDispatchChainImpl.dispatchEvent(Ljavafx/event/Event;)Ljavafx/event/Event; (101 bytes) @ 0x000000010610d6d4 [0x000000010610d520+0x1b4]
J 2506 C1 com.sun.javafx.event.BasicEventDispatcher.dispatchEvent(Ljavafx/event/Event;Ljavafx/event/EventDispatchChain;)Ljavafx/event/Event; (44 bytes) @ 0x00000001061624d4 [0x0000000106162280+0x254]
J 2382 C1 com.sun.javafx.event.EventDispatchChainImpl.dispatchEvent(Ljavafx/event/Event;)Ljavafx/event/Event; (101 bytes) @ 0x000000010610d6d4 [0x000000010610d520+0x1b4]
J 2506 C1 com.sun.javafx.event.BasicEventDispatcher.dispatchEvent(Ljavafx/event/Event;Ljavafx/event/EventDispatchChain;)Ljavafx/event/Event; (44 bytes) @ 0x00000001061624d4 [0x0000000106162280+0x254]
J 2382 C1 com.sun.javafx.event.EventDispatchChainImpl.dispatchEvent(Ljavafx/event/Event;)Ljavafx/event/Event; (101 bytes) @ 0x000000010610d6d4 [0x000000010610d520+0x1b4]
j  com.sun.javafx.event.EventUtil.fireEventImpl(Ljavafx/event/EventDispatchChain;Ljavafx/event/EventTarget;Ljavafx/event/Event;)Ljavafx/event/Event;+10
j  com.sun.javafx.event.EventUtil.fireEvent(Ljavafx/event/EventTarget;Ljavafx/event/Event;)Ljavafx/event/Event;+37
j  javafx.event.Event.fireEvent(Ljavafx/event/EventTarget;Ljavafx/event/Event;)V+30
j  javafx.scene.Node.fireEvent(Ljavafx/event/Event;)V+86
j  javafx.scene.control.Button.fire()V+15
j  com.sun.javafx.scene.control.behavior.ButtonBehavior.mouseReleased(Ljavafx/scene/input/MouseEvent;)V+23
j  com.sun.javafx.scene.control.skin.BehaviorSkinBase$1.handle(Ljavafx/scene/input/MouseEvent;)V+83
j  com.sun.javafx.scene.control.skin.BehaviorSkinBase$1.handle(Ljavafx/event/Event;)V+5
j  com.sun.javafx.event.CompositeEventHandler$NormalEventHandlerRecord.handleBubblingEvent(Ljavafx/event/Event;)V+5
j  com.sun.javafx.event.CompositeEventHandler.dispatchBubblingEvent(Ljavafx/event/Event;)V+28
J 2369 C1 com.sun.javafx.event.EventHandlerManager.dispatchBubblingEvent(Ljavafx/event/EventType;Ljavafx/event/Event;)Ljavafx/event/Event; (34 bytes) @ 0x0000000106109aa4 [0x0000000106109540+0x564]
j  com.sun.javafx.event.EventHandlerManager.dispatchBubblingEvent(Ljavafx/event/Event;)Ljavafx/event/Event;+8
j  com.sun.javafx.event.CompositeEventDispatcher.dispatchBubblingEvent(Ljavafx/event/Event;)Ljavafx/event/Event;+11
J 2506 C1 com.sun.javafx.event.BasicEventDispatcher.dispatchEvent(Ljavafx/event/Event;Ljavafx/event/EventDispatchChain;)Ljavafx/event/Event; (44 bytes) @ 0x00000001061625bc [0x0000000106162280+0x33c]
J 2382 C1 com.sun.javafx.event.EventDispatchChainImpl.dispatchEvent(Ljavafx/event/Event;)Ljavafx/event/Event; (101 bytes) @ 0x000000010610d6d4 [0x000000010610d520+0x1b4]
J 2506 C1 com.sun.javafx.event.BasicEventDispatcher.dispatchEvent(Ljavafx/event/Event;Ljavafx/event/EventDispatchChain;)Ljavafx/event/Event; (44 bytes) @ 0x00000001061624d4 [0x0000000106162280+0x254]
J 2382 C1 com.sun.javafx.event.EventDispatchChainImpl.dispatchEvent(Ljavafx/event/Event;)Ljavafx/event/Event; (101 bytes) @ 0x000000010610d6d4 [0x000000010610d520+0x1b4]
J 2506 C1 com.sun.javafx.event.BasicEventDispatcher.dispatchEvent(Ljavafx/event/Event;Ljavafx/event/EventDispatchChain;)Ljavafx/event/Event; (44 bytes) @ 0x00000001061624d4 [0x0000000106162280+0x254]
J 2382 C1 com.sun.javafx.event.EventDispatchChainImpl.dispatchEvent(Ljavafx/event/Event;)Ljavafx/event/Event; (101 bytes) @ 0x000000010610d6d4 [0x000000010610d520+0x1b4]
J 2506 C1 com.sun.javafx.event.BasicEventDispatcher.dispatchEvent(Ljavafx/event/Event;Ljavafx/event/EventDispatchChain;)Ljavafx/event/Event; (44 bytes) @ 0x00000001061624d4 [0x0000000106162280+0x254]
J 2382 C1 com.sun.javafx.event.EventDispatchChainImpl.dispatchEvent(Ljavafx/event/Event;)Ljavafx/event/Event; (101 bytes) @ 0x000000010610d6d4 [0x000000010610d520+0x1b4]
j  com.sun.javafx.event.EventUtil.fireEventImpl(Ljavafx/event/EventDispatchChain;Ljavafx/event/EventTarget;Ljavafx/event/Event;)Ljavafx/event/Event;+10
j  com.sun.javafx.event.EventUtil.fireEvent(Ljavafx/event/EventTarget;Ljavafx/event/Event;)Ljavafx/event/Event;+46
j  javafx.event.Event.fireEvent(Ljavafx/event/EventTarget;Ljavafx/event/Event;)V+30
j  javafx.scene.Scene$MouseHandler.process(Ljavafx/scene/input/MouseEvent;Z)V+491
j  javafx.scene.Scene$MouseHandler.access$1500(Ljavafx/scene/Scene$MouseHandler;Ljavafx/scene/input/MouseEvent;Z)V+3
j  javafx.scene.Scene.impl_processMouseEvent(Ljavafx/scene/input/MouseEvent;)V+6
j  javafx.scene.Scene$ScenePeerListener.mouseEvent(Ljavafx/event/EventType;DDDDLjavafx/scene/input/MouseButton;ZZZZZZZZZ)V+46
j  com.sun.javafx.tk.quantum.GlassViewEventHandler$MouseEventNotification.run()Ljava/lang/Void;+514
j  com.sun.javafx.tk.quantum.GlassViewEventHandler$MouseEventNotification.run()Ljava/lang/Object;+1
v  ~StubRoutines::call_stub
J 2373  java.security.AccessController.doPrivileged(Ljava/security/PrivilegedAction;Ljava/security/AccessControlContext;)Ljava/lang/Object; (0 bytes) @ 0x000000010610afe3 [0x000000010610af80+0x63]
j  com.sun.javafx.tk.quantum.GlassViewEventHandler.lambda$handleMouseEvent$354()Ljava/lang/Void;+11
j  com.sun.javafx.tk.quantum.GlassViewEventHandler$$Lambda$285.get()Ljava/lang/Object;+4
J 2385 C1 com.sun.javafx.tk.quantum.QuantumToolkit.runWithoutRenderLock(Ljava/util/function/Supplier;)Ljava/lang/Object; (49 bytes) @ 0x00000001061161b4 [0x0000000106115c80+0x534]
j  com.sun.javafx.tk.quantum.GlassViewEventHandler.handleMouseEvent(Lcom/sun/glass/ui/View;JIIIIIIIZZ)V+103
j  com.sun.glass.ui.View.handleMouseEvent(JIIIIIIIZZ)V+30
j  com.sun.glass.ui.View.notifyMouse(IIIIIIIZZ)V+181
v  ~StubRoutines::call_stub

---------------  P R O C E S S  ---------------

Java Threads: ( => current thread )
  0x00007fa0ba91b800 JavaThread "Prism Font Disposer" daemon [_thread_blocked, id=54279, stack(0x00007000019eb000,0x0000700001aeb000)]
  0x00007fa0ba002800 JavaThread "JavaFX-Launcher" [_thread_blocked, id=51203, stack(0x00007000018e8000,0x00007000019e8000)]
  0x00007fa0bd00a000 JavaThread "Thread-3" daemon [_thread_in_native, id=39171, stack(0x00007000017e2000,0x0000700001862000)]
=>0x00007fa0bc1ef000 JavaThread "JavaFX Application Thread" [_thread_in_native, id=2571, stack(0x00007fff5be67000,0x00007fff5c667000)]
  0x00007fa0bc1ee000 JavaThread "Thread-1" daemon [_thread_blocked, id=26895, stack(0x000070000165c000,0x000070000175c000)]
  0x00007fa0bc0ab800 JavaThread "QuantumRenderer-0" daemon [_thread_blocked, id=22019, stack(0x00007000014d6000,0x00007000015d6000)]
  0x00007fa0ba841000 JavaThread "Service Thread" daemon [_thread_blocked, id=20995, stack(0x00007000012d0000,0x00007000013d0000)]
  0x00007fa0ba838800 JavaThread "C1 CompilerThread3" daemon [_thread_blocked, id=20483, stack(0x00007000011cd000,0x00007000012cd000)]
  0x00007fa0ba837800 JavaThread "C2 CompilerThread2" daemon [_thread_in_native, id=19971, stack(0x00007000010ca000,0x00007000011ca000)]
  0x00007fa0ba82d000 JavaThread "C2 CompilerThread1" daemon [_thread_in_native, id=19459, stack(0x0000700000fc7000,0x00007000010c7000)]
  0x00007fa0ba836000 JavaThread "C2 CompilerThread0" daemon [_thread_in_vm, id=18947, stack(0x0000700000ec4000,0x0000700000fc4000)]
  0x00007fa0ba803800 JavaThread "Signal Dispatcher" daemon [_thread_blocked, id=15887, stack(0x0000700000dc1000,0x0000700000ec1000)]
  0x00007fa0bc037800 JavaThread "Finalizer" daemon [_thread_blocked, id=14339, stack(0x0000700000c3b000,0x0000700000d3b000)]
  0x00007fa0ba813000 JavaThread "Reference Handler" daemon [_thread_blocked, id=13827, stack(0x0000700000b38000,0x0000700000c38000)]
  0x00007fa0ba800000 JavaThread "main" [_thread_blocked, id=5891, stack(0x000070000011a000,0x000070000021a000)]

Other Threads:
  0x00007fa0bb021000 VMThread [stack: 0x0000700000a35000,0x0000700000b35000] [id=13315]
  0x00007fa0bb02a000 WatcherThread [stack: 0x00007000013d3000,0x00007000014d3000] [id=21507]

VM state:not at safepoint (normal execution)

VM Mutex/Monitor currently owned by a thread: None

Heap:
 PSYoungGen      total 180224K, used 101120K [0x000000076ab00000, 0x000000077f800000, 0x00000007c0000000)
  eden space 162304K, 51% used [0x000000076ab00000,0x000000076fc456c0,0x0000000774980000)
  from space 17920K, 99% used [0x0000000774980000,0x0000000775afad10,0x0000000775b00000)
  to   space 22016K, 0% used [0x000000077e280000,0x000000077e280000,0x000000077f800000)
 ParOldGen       total 121344K, used 29308K [0x00000006c0000000, 0x00000006c7680000, 0x000000076ab00000)
  object space 121344K, 24% used [0x00000006c0000000,0x00000006c1c9f110,0x00000006c7680000)
 Metaspace       used 27380K, capacity 28506K, committed 28928K, reserved 1075200K
  class space    used 3716K, capacity 3970K, committed 4096K, reserved 1048576K

Card table byte_map: [0x0000000114d62000,0x0000000115563000] byte_map_base: 0x0000000111762000

Marking Bits: (ParMarkBitMap*) 0x00000001052f0d30
 Begin Bits: [0x0000000115ab9000, 0x0000000119ab9000)
 End Bits:   [0x0000000119ab9000, 0x000000011dab9000)

Polling page: 0x000000010388e000

CodeCache: size=245760Kb used=14821Kb max_used=14945Kb free=230938Kb
 bounds [0x00000001059a2000, 0x0000000106882000, 0x00000001149a2000]
 total_blobs=5029 nmethods=4316 adapters=625
 compilation: enabled

Compilation events (10 events):
Event: 11.640 Thread 0x00007fa0ba836000 nmethod 4488 0x0000000106847410 code [0x0000000106847800, 0x000000010684b388]
Event: 11.640 Thread 0x00007fa0ba836000 4770       4       org.apache.xmlbeans.impl.store.Saver$TextSaver::entitizeContent (622 bytes)
Event: 11.644 Thread 0x00007fa0ba838800 4775       3       java.util.LinkedHashMap$LinkedHashIterator::<init> (31 bytes)
Event: 11.645 Thread 0x00007fa0ba838800 nmethod 4775 0x0000000105ca25d0 code [0x0000000105ca2740, 0x0000000105ca2950]
Event: 11.654 Thread 0x00007fa0ba838800 4776       3       java.lang.Character::isLetterOrDigit (5 bytes)
Event: 11.654 Thread 0x00007fa0ba838800 nmethod 4776 0x0000000105d68010 code [0x0000000105d681a0, 0x0000000105d684f8]
Event: 11.654 Thread 0x00007fa0ba838800 4777       3       java.lang.Character::isLetterOrDigit (19 bytes)
Event: 11.654 Thread 0x00007fa0ba838800 nmethod 4777 0x0000000105bca710 code [0x0000000105bca8a0, 0x0000000105bcab98]
Event: 11.654 Thread 0x00007fa0ba838800 4778       3       org.apache.xmlbeans.impl.schema.SchemaTypeSystemImpl$XsbReader::readSOAPArrayType (26 bytes)
Event: 11.655 Thread 0x00007fa0ba838800 nmethod 4778 0x0000000105bac490 code [0x0000000105bac700, 0x0000000105bad458]

GC Heap History (10 events):
Event: 8.754 GC heap before
{Heap before GC invocations=4 (full 1):
 PSYoungGen      total 76288K, used 65536K [0x000000076ab00000, 0x0000000770000000, 0x00000007c0000000)
  eden space 65536K, 100% used [0x000000076ab00000,0x000000076eb00000,0x000000076eb00000)
  from space 10752K, 0% used [0x000000076f580000,0x000000076f580000,0x0000000770000000)
  to   space 10752K, 0% used [0x000000076eb00000,0x000000076eb00000,0x000000076f580000)
 ParOldGen       total 121344K, used 13309K [0x00000006c0000000, 0x00000006c7680000, 0x000000076ab00000)
  object space 121344K, 10% used [0x00000006c0000000,0x00000006c0cff5c0,0x00000006c7680000)
 Metaspace       used 26427K, capacity 27576K, committed 28032K, reserved 1073152K
  class space    used 3624K, capacity 3863K, committed 3968K, reserved 1048576K
Event: 8.763 GC heap after
Heap after GC invocations=4 (full 1):
 PSYoungGen      total 76288K, used 10730K [0x000000076ab00000, 0x0000000771f80000, 0x00000007c0000000)
  eden space 65536K, 0% used [0x000000076ab00000,0x000000076ab00000,0x000000076eb00000)
  from space 10752K, 99% used [0x000000076eb00000,0x000000076f57aa90,0x000000076f580000)
  to   space 10752K, 0% used [0x0000000771500000,0x0000000771500000,0x0000000771f80000)
 ParOldGen       total 121344K, used 14487K [0x00000006c0000000, 0x00000006c7680000, 0x000000076ab00000)
  object space 121344K, 11% used [0x00000006c0000000,0x00000006c0e25d88,0x00000006c7680000)
 Metaspace       used 26427K, capacity 27576K, committed 28032K, reserved 1073152K
  class space    used 3624K, capacity 3863K, committed 3968K, reserved 1048576K
}
Event: 9.597 GC heap before
{Heap before GC invocations=5 (full 1):
 PSYoungGen      total 76288K, used 76266K [0x000000076ab00000, 0x0000000771f80000, 0x00000007c0000000)
  eden space 65536K, 100% used [0x000000076ab00000,0x000000076eb00000,0x000000076eb00000)
  from space 10752K, 99% used [0x000000076eb00000,0x000000076f57aa90,0x000000076f580000)
  to   space 10752K, 0% used [0x0000000771500000,0x0000000771500000,0x0000000771f80000)
 ParOldGen       total 121344K, used 14487K [0x00000006c0000000, 0x00000006c7680000, 0x000000076ab00000)
  object space 121344K, 11% used [0x00000006c0000000,0x00000006c0e25d88,0x00000006c7680000)
 Metaspace       used 26536K, capacity 27684K, committed 28032K, reserved 1073152K
  class space    used 3638K, capacity 3897K, committed 3968K, reserved 1048576K
Event: 9.610 GC heap after
Heap after GC invocations=5 (full 1):
 PSYoungGen      total 108544K, used 10747K [0x000000076ab00000, 0x0000000772580000, 0x00000007c0000000)
  eden space 97792K, 0% used [0x000000076ab00000,0x000000076ab00000,0x0000000770a80000)
  from space 10752K, 99% used [0x0000000771500000,0x0000000771f7ecd0,0x0000000771f80000)
  to   space 10752K, 0% used [0x0000000770a80000,0x0000000770a80000,0x0000000771500000)
 ParOldGen       total 121344K, used 18809K [0x00000006c0000000, 0x00000006c7680000, 0x000000076ab00000)
  object space 121344K, 15% used [0x00000006c0000000,0x00000006c125e790,0x00000006c7680000)
 Metaspace       used 26536K, capacity 27684K, committed 28032K, reserved 1073152K
  class space    used 3638K, capacity 3897K, committed 3968K, reserved 1048576K
}
Event: 10.304 GC heap before
{Heap before GC invocations=6 (full 1):
 PSYoungGen      total 108544K, used 108539K [0x000000076ab00000, 0x0000000772580000, 0x00000007c0000000)
  eden space 97792K, 100% used [0x000000076ab00000,0x0000000770a80000,0x0000000770a80000)
  from space 10752K, 99% used [0x0000000771500000,0x0000000771f7ecd0,0x0000000771f80000)
  to   space 10752K, 0% used [0x0000000770a80000,0x0000000770a80000,0x0000000771500000)
 ParOldGen       total 121344K, used 18809K [0x00000006c0000000, 0x00000006c7680000, 0x000000076ab00000)
  object space 121344K, 15% used [0x00000006c0000000,0x00000006c125e790,0x00000006c7680000)
 Metaspace       used 26881K, capacity 28058K, committed 28288K, reserved 1073152K
  class space    used 3655K, capacity 3906K, committed 3968K, reserved 1048576K
Event: 10.318 GC heap after
Heap after GC invocations=6 (full 1):
 PSYoungGen      total 108544K, used 10731K [0x000000076ab00000, 0x0000000776c80000, 0x00000007c0000000)
  eden space 97792K, 0% used [0x000000076ab00000,0x000000076ab00000,0x0000000770a80000)
  from space 10752K, 99% used [0x0000000770a80000,0x00000007714fad00,0x0000000771500000)
  to   space 17920K, 0% used [0x0000000775b00000,0x0000000775b00000,0x0000000776c80000)
 ParOldGen       total 121344K, used 23340K [0x00000006c0000000, 0x00000006c7680000, 0x000000076ab00000)
  object space 121344K, 19% used [0x00000006c0000000,0x00000006c16cb110,0x00000006c7680000)
 Metaspace       used 26881K, capacity 28058K, committed 28288K, reserved 1073152K
  class space    used 3655K, capacity 3906K, committed 3968K, reserved 1048576K
}
Event: 10.965 GC heap before
{Heap before GC invocations=7 (full 1):
 PSYoungGen      total 108544K, used 108523K [0x000000076ab00000, 0x0000000776c80000, 0x00000007c0000000)
  eden space 97792K, 100% used [0x000000076ab00000,0x0000000770a80000,0x0000000770a80000)
  from space 10752K, 99% used [0x0000000770a80000,0x00000007714fad00,0x0000000771500000)
  to   space 17920K, 0% used [0x0000000775b00000,0x0000000775b00000,0x0000000776c80000)
 ParOldGen       total 121344K, used 23340K [0x00000006c0000000, 0x00000006c7680000, 0x000000076ab00000)
  object space 121344K, 19% used [0x00000006c0000000,0x00000006c16cb110,0x00000006c7680000)
 Metaspace       used 27178K, capacity 28346K, committed 28544K, reserved 1073152K
  class space    used 3688K, capacity 3938K, committed 3968K, reserved 1048576K
Event: 10.979 GC heap after
Heap after GC invocations=7 (full 1):
 PSYoungGen      total 180224K, used 14741K [0x000000076ab00000, 0x0000000777100000, 0x00000007c0000000)
  eden space 162304K, 0% used [0x000000076ab00000,0x000000076ab00000,0x0000000774980000)
  from space 17920K, 82% used [0x0000000775b00000,0x0000000776965490,0x0000000776c80000)
  to   space 17920K, 0% used [0x0000000774980000,0x0000000774980000,0x0000000775b00000)
 ParOldGen       total 121344K, used 23348K [0x00000006c0000000, 0x00000006c7680000, 0x000000076ab00000)
  object space 121344K, 19% used [0x00000006c0000000,0x00000006c16cd110,0x00000006c7680000)
 Metaspace       used 27178K, capacity 28346K, committed 28544K, reserved 1073152K
  class space    used 3688K, capacity 3938K, committed 3968K, reserved 1048576K
}
Event: 11.335 GC heap before
{Heap before GC invocations=8 (full 1):
 PSYoungGen      total 180224K, used 177045K [0x000000076ab00000, 0x0000000777100000, 0x00000007c0000000)
  eden space 162304K, 100% used [0x000000076ab00000,0x0000000774980000,0x0000000774980000)
  from space 17920K, 82% used [0x0000000775b00000,0x0000000776965490,0x0000000776c80000)
  to   space 17920K, 0% used [0x0000000774980000,0x0000000774980000,0x0000000775b00000)
 ParOldGen       total 121344K, used 23348K [0x00000006c0000000, 0x00000006c7680000, 0x000000076ab00000)
  object space 121344K, 19% used [0x00000006c0000000,0x00000006c16cd110,0x00000006c7680000)
 Metaspace       used 27178K, capacity 28346K, committed 28544K, reserved 1073152K
  class space    used 3688K, capacity 3938K, committed 3968K, reserved 1048576K
Event: 11.362 GC heap after
Heap after GC invocations=8 (full 1):
 PSYoungGen      total 180224K, used 17899K [0x000000076ab00000, 0x000000077f800000, 0x00000007c0000000)
  eden space 162304K, 0% used [0x000000076ab00000,0x000000076ab00000,0x0000000774980000)
  from space 17920K, 99% used [0x0000000774980000,0x0000000775afad10,0x0000000775b00000)
  to   space 22016K, 0% used [0x000000077e280000,0x000000077e280000,0x000000077f800000)
 ParOldGen       total 121344K, used 29308K [0x00000006c0000000, 0x00000006c7680000, 0x000000076ab00000)
  object space 121344K, 24% used [0x00000006c0000000,0x00000006c1c9f110,0x00000006c7680000)
 Metaspace       used 27178K, capacity 28346K, committed 28544K, reserved 1073152K
  class space    used 3688K, capacity 3938K, committed 3968K, reserved 1048576K
}

Deoptimization events (10 events):
Event: 11.476 Thread 0x00007fa0bc1ef000 Uncommon trap: reason=unstable_if action=reinterpret pc=0x0000000105ab828c method=org.apache.xmlbeans.impl.store.Saver.ensureMapping(Ljava/lang/String;Ljava/lang/String;ZZ)Ljava/lang/String; @ 22
Event: 11.476 Thread 0x00007fa0bc1ef000 Uncommon trap: reason=unstable_if action=reinterpret pc=0x00000001066e4c98 method=org.apache.xmlbeans.impl.store.Cur$Locations.moveTo(ILorg/apache/xmlbeans/impl/store/Cur;)V @ 6
Event: 11.476 Thread 0x00007fa0bc1ef000 Uncommon trap: reason=unstable_if action=reinterpret pc=0x00000001067fdd00 method=org.apache.xmlbeans.impl.store.Saver.popMappings()V @ 25
Event: 11.477 Thread 0x00007fa0bc1ef000 Uncommon trap: reason=unstable_if action=reinterpret pc=0x00000001065db5c4 method=org.apache.xmlbeans.impl.store.Xobj.getChars(II)Ljava/lang/Object; @ 29
Event: 11.479 Thread 0x00007fa0bc1ef000 Uncommon trap: reason=unstable_if action=reinterpret pc=0x0000000105b36f14 method=org.apache.xmlbeans.impl.store.Saver$TextSaver.entitizeContent(Z)V @ 197
Event: 11.485 Thread 0x00007fa0bc1ef000 Uncommon trap: reason=unstable_if action=reinterpret pc=0x0000000105abb3d4 method=org.apache.xmlbeans.impl.store.Xobj.lastAttr()Lorg/apache/xmlbeans/impl/store/Xobj; @ 28
Event: 11.485 Thread 0x00007fa0bc1ef000 Uncommon trap: reason=unstable_if action=reinterpret pc=0x0000000106845440 method=org.apache.xmlbeans.impl.store.Cur.moveNode(Lorg/apache/xmlbeans/impl/store/Xobj;Lorg/apache/xmlbeans/impl/store/Cur;)V @ 102
Event: 11.507 Thread 0x00007fa0bc1ef000 Uncommon trap: reason=unstable_if action=reinterpret pc=0x0000000105dc1150 method=org.apache.xmlbeans.impl.store.Locale.isFragment(Lorg/apache/xmlbeans/impl/store/Cur;Lorg/apache/xmlbeans/impl/store/Cur;)Z @ 88
Event: 11.507 Thread 0x00007fa0bc1ef000 Uncommon trap: reason=unstable_if action=reinterpret pc=0x0000000105fa4dd4 method=org.apache.xmlbeans.impl.store.Saver.<init>(Lorg/apache/xmlbeans/impl/store/Cur;Lorg/apache/xmlbeans/XmlOptions;)V @ 130
Event: 11.644 Thread 0x00007fa0bc1ef000 Uncommon trap: reason=unstable_if action=reinterpret pc=0x0000000105fc5208 method=org.apache.xmlbeans.impl.store.Xobj.add_element_user(Ljavax/xml/namespace/QName;)Lorg/apache/xmlbeans/impl/values/TypeStoreUser; @ 50

Internal exceptions (10 events):
Event: 7.780 Thread 0x00007fa0bc1ef000 Exception <a 'java/security/PrivilegedActionException'> (0x000000076b40a508) thrown at [/Users/java_re/workspace/8-2-build-macosx-x86_64/jdk8u112/7935/hotspot/src/share/vm/prims/jvm.cpp, line 1390]
Event: 7.780 Thread 0x00007fa0bc1ef000 Exception <a 'java/security/PrivilegedActionException'> (0x000000076b40acd0) thrown at [/Users/java_re/workspace/8-2-build-macosx-x86_64/jdk8u112/7935/hotspot/src/share/vm/prims/jvm.cpp, line 1390]
Event: 7.780 Thread 0x00007fa0bc1ef000 Exception <a 'java/security/PrivilegedActionException'> (0x000000076b40eeb0) thrown at [/Users/java_re/workspace/8-2-build-macosx-x86_64/jdk8u112/7935/hotspot/src/share/vm/prims/jvm.cpp, line 1390]
Event: 7.780 Thread 0x00007fa0bc1ef000 Exception <a 'java/security/PrivilegedActionException'> (0x000000076b40f678) thrown at [/Users/java_re/workspace/8-2-build-macosx-x86_64/jdk8u112/7935/hotspot/src/share/vm/prims/jvm.cpp, line 1390]
Event: 8.226 Thread 0x00007fa0bc1ef000 Implicit null exception at 0x0000000106383b55 to 0x0000000106383c7d
Event: 10.818 Thread 0x00007fa0bc1ef000 Implicit null exception at 0x0000000106595b1d to 0x0000000106598329
Event: 10.820 Thread 0x00007fa0bc1ef000 Implicit null exception at 0x00000001065fbf6b to 0x00000001065fcea1
Event: 10.825 Thread 0x00007fa0bc1ef000 Implicit null exception at 0x00000001065e3545 to 0x00000001065e3675
Event: 11.476 Thread 0x00007fa0bc1ef000 Implicit null exception at 0x0000000106777691 to 0x0000000106777911
Event: 11.485 Thread 0x00007fa0bc1ef000 Implicit null exception at 0x0000000106844310 to 0x000000010684542d

Events (10 events):
Event: 11.652 loading class org/openxmlformats/schemas/officeDocument/x2006/customProperties/PropertiesDocument
Event: 11.652 loading class org/openxmlformats/schemas/officeDocument/x2006/customProperties/PropertiesDocument done
Event: 11.653 loading class org/openxmlformats/schemas/officeDocument/x2006/customProperties/impl/PropertiesDocumentImpl
Event: 11.653 loading class org/openxmlformats/schemas/officeDocument/x2006/customProperties/impl/PropertiesDocumentImpl done
Event: 11.654 loading class org/openxmlformats/schemas/officeDocument/x2006/customProperties/impl/CTPropertiesImpl
Event: 11.654 loading class org/openxmlformats/schemas/officeDocument/x2006/customProperties/impl/CTPropertiesImpl done
Event: 11.654 loading class org/openxmlformats/schemas/officeDocument/x2006/customProperties/CTProperties
Event: 11.654 loading class org/openxmlformats/schemas/officeDocument/x2006/customProperties/CTProperties done
Event: 11.655 loading class org/apache/poi/POIXMLProperties$CoreProperties
Event: 11.655 loading class org/apache/poi/POIXMLProperties$CoreProperties done


Dynamic libraries:
0x0000000007b92000 	/System/Library/Frameworks/Cocoa.framework/Versions/A/Cocoa
0x0000000007b92000 	/System/Library/Frameworks/Security.framework/Versions/A/Security
0x0000000007b92000 	/System/Library/Frameworks/ApplicationServices.framework/Versions/A/ApplicationServices
0x0000000007b92000 	/usr/lib/libz.1.dylib
0x0000000007b92000 	/usr/lib/libSystem.B.dylib
0x0000000007b92000 	/usr/lib/libobjc.A.dylib
0x0000000007b92000 	/System/Library/Frameworks/CoreFoundation.framework/Versions/A/CoreFoundation
0x0000000007b92000 	/System/Library/Frameworks/Foundation.framework/Versions/C/Foundation
0x0000000007b92000 	/System/Library/Frameworks/AppKit.framework/Versions/C/AppKit
0x0000000007b92000 	/System/Library/Frameworks/CoreData.framework/Versions/A/CoreData
0x0000000007b92000 	/System/Library/PrivateFrameworks/RemoteViewServices.framework/Versions/A/RemoteViewServices
0x0000000007b92000 	/System/Library/PrivateFrameworks/UIFoundation.framework/Versions/A/UIFoundation
0x0000000007b92000 	/usr/lib/libScreenReader.dylib
0x0000000007b92000 	/System/Library/Frameworks/Accelerate.framework/Versions/A/Accelerate
0x0000000007b92000 	/System/Library/Frameworks/IOSurface.framework/Versions/A/IOSurface
0x0000000007b92000 	/System/Library/Frameworks/AudioToolbox.framework/Versions/A/AudioToolbox
0x0000000007b92000 	/System/Library/Frameworks/AudioUnit.framework/Versions/A/AudioUnit
0x0000000007b92000 	/System/Library/PrivateFrameworks/DataDetectorsCore.framework/Versions/A/DataDetectorsCore
0x0000000007b92000 	/System/Library/PrivateFrameworks/DesktopServicesPriv.framework/Versions/A/DesktopServicesPriv
0x0000000007b92000 	/System/Library/Frameworks/Carbon.framework/Versions/A/Frameworks/HIToolbox.framework/Versions/A/HIToolbox
0x0000000007b92000 	/System/Library/Frameworks/QuartzCore.framework/Versions/A/QuartzCore
0x0000000007b92000 	/System/Library/Frameworks/Carbon.framework/Versions/A/Frameworks/SpeechRecognition.framework/Versions/A/SpeechRecognition
0x0000000007b92000 	/usr/lib/libauto.dylib
0x0000000007b92000 	/usr/lib/libicucore.A.dylib
0x0000000007b92000 	/usr/lib/libxml2.2.dylib
0x0000000007b92000 	/System/Library/PrivateFrameworks/CoreUI.framework/Versions/A/CoreUI
0x0000000007b92000 	/System/Library/Frameworks/CoreAudio.framework/Versions/A/CoreAudio
0x0000000007b92000 	/System/Library/Frameworks/DiskArbitration.framework/Versions/A/DiskArbitration
0x0000000007b92000 	/usr/lib/liblangid.dylib
0x0000000007b92000 	/System/Library/PrivateFrameworks/MultitouchSupport.framework/Versions/A/MultitouchSupport
0x0000000007b92000 	/System/Library/Frameworks/IOKit.framework/Versions/A/IOKit
0x0000000007b92000 	/usr/lib/libDiagnosticMessagesClient.dylib
0x0000000007b92000 	/System/Library/Frameworks/CoreServices.framework/Versions/A/CoreServices
0x0000000007b92000 	/System/Library/PrivateFrameworks/PerformanceAnalysis.framework/Versions/A/PerformanceAnalysis
0x0000000007b92000 	/System/Library/PrivateFrameworks/GenerationalStorage.framework/Versions/A/GenerationalStorage
0x0000000007b92000 	/System/Library/Frameworks/OpenGL.framework/Versions/A/OpenGL
0x0000000007b92000 	/System/Library/PrivateFrameworks/Sharing.framework/Versions/A/Sharing
0x0000000007b92000 	/System/Library/Frameworks/CoreGraphics.framework/Versions/A/CoreGraphics
0x0000000007b92000 	/System/Library/Frameworks/CoreImage.framework/Versions/A/CoreImage
0x0000000007b92000 	/System/Library/Frameworks/CoreText.framework/Versions/A/CoreText
0x0000000007b92000 	/System/Library/Frameworks/ImageIO.framework/Versions/A/ImageIO
0x0000000007b92000 	/System/Library/PrivateFrameworks/Backup.framework/Versions/A/Backup
0x0000000007b92000 	/usr/lib/libextension.dylib
0x0000000007b92000 	/usr/lib/libarchive.2.dylib
0x0000000007b92000 	/System/Library/Frameworks/CFNetwork.framework/Versions/A/CFNetwork
0x0000000007b92000 	/System/Library/Frameworks/SystemConfiguration.framework/Versions/A/SystemConfiguration
0x0000000007b92000 	/usr/lib/libCRFSuite.dylib
0x0000000007b92000 	/usr/lib/libc++.1.dylib
0x0000000007b92000 	/usr/lib/libc++abi.dylib
0x0000000007b92000 	/usr/lib/system/libcache.dylib
0x0000000007b92000 	/usr/lib/system/libcommonCrypto.dylib
0x0000000007b92000 	/usr/lib/system/libcompiler_rt.dylib
0x0000000007b92000 	/usr/lib/system/libcopyfile.dylib
0x0000000007b92000 	/usr/lib/system/libcorecrypto.dylib
0x0000000007b92000 	/usr/lib/system/libdispatch.dylib
0x0000000007b92000 	/usr/lib/system/libdyld.dylib
0x0000000007b92000 	/usr/lib/system/libkeymgr.dylib
0x0000000007b92000 	/usr/lib/system/liblaunch.dylib
0x0000000007b92000 	/usr/lib/system/libmacho.dylib
0x0000000007b92000 	/usr/lib/system/libquarantine.dylib
0x0000000007b92000 	/usr/lib/system/libremovefile.dylib
0x0000000007b92000 	/usr/lib/system/libsystem_asl.dylib
0x0000000007b92000 	/usr/lib/system/libsystem_blocks.dylib
0x0000000007b92000 	/usr/lib/system/libsystem_c.dylib
0x0000000007b92000 	/usr/lib/system/libsystem_configuration.dylib
0x0000000007b92000 	/usr/lib/system/libsystem_coreservices.dylib
0x0000000007b92000 	/usr/lib/system/libsystem_coretls.dylib
0x0000000007b92000 	/usr/lib/system/libsystem_dnssd.dylib
0x0000000007b92000 	/usr/lib/system/libsystem_info.dylib
0x0000000007b92000 	/usr/lib/system/libsystem_kernel.dylib
0x0000000007b92000 	/usr/lib/system/libsystem_m.dylib
0x0000000007b92000 	/usr/lib/system/libsystem_malloc.dylib
0x0000000007b92000 	/usr/lib/system/libsystem_network.dylib
0x0000000007b92000 	/usr/lib/system/libsystem_networkextension.dylib
0x0000000007b92000 	/usr/lib/system/libsystem_notify.dylib
0x0000000007b92000 	/usr/lib/system/libsystem_platform.dylib
0x0000000007b92000 	/usr/lib/system/libsystem_pthread.dylib
0x0000000007b92000 	/usr/lib/system/libsystem_sandbox.dylib
0x0000000007b92000 	/usr/lib/system/libsystem_secinit.dylib
0x0000000007b92000 	/usr/lib/system/libsystem_trace.dylib
0x0000000007b92000 	/usr/lib/system/libunc.dylib
0x0000000007b92000 	/usr/lib/system/libunwind.dylib
0x0000000007b92000 	/usr/lib/system/libxpc.dylib
0x0000000007b92000 	/usr/lib/libenergytrace.dylib
0x0000000007b92000 	/usr/lib/libbsm.0.dylib
0x0000000007b92000 	/usr/lib/system/libkxld.dylib
0x0000000007b92000 	/usr/lib/libxar.1.dylib
0x0000000007b92000 	/usr/lib/libsqlite3.dylib
0x0000000007b92000 	/usr/lib/libpam.2.dylib
0x0000000007b92000 	/usr/lib/libOpenScriptingUtil.dylib
0x0000000007b92000 	/usr/lib/libbz2.1.0.dylib
0x0000000007b92000 	/usr/lib/liblzma.5.dylib
0x0000000007b92000 	/System/Library/Frameworks/CoreServices.framework/Versions/A/Frameworks/FSEvents.framework/Versions/A/FSEvents
0x0000000007b92000 	/System/Library/Frameworks/CoreServices.framework/Versions/A/Frameworks/CarbonCore.framework/Versions/A/CarbonCore
0x0000000007b92000 	/System/Library/Frameworks/CoreServices.framework/Versions/A/Frameworks/Metadata.framework/Versions/A/Metadata
0x0000000007b92000 	/System/Library/Frameworks/CoreServices.framework/Versions/A/Frameworks/OSServices.framework/Versions/A/OSServices
0x0000000007b92000 	/System/Library/Frameworks/CoreServices.framework/Versions/A/Frameworks/SearchKit.framework/Versions/A/SearchKit
0x0000000007b92000 	/System/Library/Frameworks/CoreServices.framework/Versions/A/Frameworks/AE.framework/Versions/A/AE
0x0000000007b92000 	/System/Library/Frameworks/CoreServices.framework/Versions/A/Frameworks/LaunchServices.framework/Versions/A/LaunchServices
0x0000000007b92000 	/System/Library/Frameworks/CoreServices.framework/Versions/A/Frameworks/DictionaryServices.framework/Versions/A/DictionaryServices
0x0000000007b92000 	/System/Library/Frameworks/CoreServices.framework/Versions/A/Frameworks/SharedFileList.framework/Versions/A/SharedFileList
0x0000000007b92000 	/System/Library/Frameworks/NetFS.framework/Versions/A/NetFS
0x0000000007b92000 	/System/Library/PrivateFrameworks/NetAuth.framework/Versions/A/NetAuth
0x0000000007b92000 	/System/Library/PrivateFrameworks/login.framework/Versions/A/Frameworks/loginsupport.framework/Versions/A/loginsupport
0x0000000007b92000 	/System/Library/PrivateFrameworks/TCC.framework/Versions/A/TCC
0x0000000007b92000 	/usr/lib/libmecabra.dylib
0x0000000007b92000 	/System/Library/Frameworks/ApplicationServices.framework/Versions/A/Frameworks/ATS.framework/Versions/A/ATS
0x0000000007b92000 	/System/Library/Frameworks/ApplicationServices.framework/Versions/A/Frameworks/ColorSync.framework/Versions/A/ColorSync
0x0000000007b92000 	/System/Library/Frameworks/ApplicationServices.framework/Versions/A/Frameworks/HIServices.framework/Versions/A/HIServices
0x0000000007b92000 	/System/Library/Frameworks/ApplicationServices.framework/Versions/A/Frameworks/LangAnalysis.framework/Versions/A/LangAnalysis
0x0000000007b92000 	/System/Library/Frameworks/ApplicationServices.framework/Versions/A/Frameworks/PrintCore.framework/Versions/A/PrintCore
0x0000000007b92000 	/System/Library/Frameworks/ApplicationServices.framework/Versions/A/Frameworks/QD.framework/Versions/A/QD
0x0000000007b92000 	/System/Library/Frameworks/ApplicationServices.framework/Versions/A/Frameworks/SpeechSynthesis.framework/Versions/A/SpeechSynthesis
0x0000000007b92000 	/System/Library/Frameworks/Metal.framework/Versions/A/Metal
0x0000000007b92000 	/System/Library/Frameworks/Accelerate.framework/Versions/A/Frameworks/vImage.framework/Versions/A/vImage
0x0000000007b92000 	/System/Library/Frameworks/Accelerate.framework/Versions/A/Frameworks/vecLib.framework/Versions/A/vecLib
0x0000000007b92000 	/System/Library/Frameworks/Accelerate.framework/Versions/A/Frameworks/vecLib.framework/Versions/A/libvDSP.dylib
0x0000000007b92000 	/System/Library/Frameworks/Accelerate.framework/Versions/A/Frameworks/vecLib.framework/Versions/A/libvMisc.dylib
0x0000000007b92000 	/System/Library/Frameworks/Accelerate.framework/Versions/A/Frameworks/vecLib.framework/Versions/A/libLAPACK.dylib
0x0000000007b92000 	/System/Library/Frameworks/Accelerate.framework/Versions/A/Frameworks/vecLib.framework/Versions/A/libBLAS.dylib
0x0000000007b92000 	/System/Library/Frameworks/Accelerate.framework/Versions/A/Frameworks/vecLib.framework/Versions/A/libLinearAlgebra.dylib
0x0000000007b92000 	/System/Library/Frameworks/Accelerate.framework/Versions/A/Frameworks/vecLib.framework/Versions/A/libSparseBLAS.dylib
0x0000000007b92000 	/System/Library/PrivateFrameworks/GPUCompiler.framework/libmetal_timestamp.dylib
0x0000000007b92000 	/System/Library/Frameworks/OpenGL.framework/Versions/A/Libraries/libCoreFSCache.dylib
0x0000000007b92000 	/System/Library/PrivateFrameworks/IOAccelerator.framework/Versions/A/IOAccelerator
0x0000000007b92000 	/System/Library/Frameworks/ApplicationServices.framework/Versions/A/Frameworks/ATS.framework/Versions/A/Resources/libFontParser.dylib
0x0000000007b92000 	/System/Library/Frameworks/ApplicationServices.framework/Versions/A/Frameworks/ATS.framework/Versions/A/Resources/libFontRegistry.dylib
0x0000000007b92000 	/System/Library/PrivateFrameworks/AppleVPA.framework/Versions/A/AppleVPA
0x0000000007b92000 	/System/Library/PrivateFrameworks/AppleJPEG.framework/Versions/A/AppleJPEG
0x0000000007b92000 	/System/Library/Frameworks/ImageIO.framework/Versions/A/Resources/libJPEG.dylib
0x0000000007b92000 	/System/Library/Frameworks/ImageIO.framework/Versions/A/Resources/libTIFF.dylib
0x0000000007b92000 	/System/Library/Frameworks/ImageIO.framework/Versions/A/Resources/libPng.dylib
0x0000000007b92000 	/System/Library/Frameworks/ImageIO.framework/Versions/A/Resources/libGIF.dylib
0x0000000007b92000 	/System/Library/Frameworks/ImageIO.framework/Versions/A/Resources/libJP2.dylib
0x0000000007b92000 	/System/Library/Frameworks/ImageIO.framework/Versions/A/Resources/libRadiance.dylib
0x0000000007b92000 	/System/Library/Frameworks/CoreVideo.framework/Versions/A/CoreVideo
0x0000000007b92000 	/System/Library/Frameworks/OpenGL.framework/Versions/A/Libraries/libGLU.dylib
0x0000000007b92000 	/System/Library/Frameworks/OpenGL.framework/Versions/A/Libraries/libGFXShared.dylib
0x0000000007b92000 	/System/Library/Frameworks/OpenGL.framework/Versions/A/Libraries/libGL.dylib
0x0000000007b92000 	/System/Library/Frameworks/OpenGL.framework/Versions/A/Libraries/libGLImage.dylib
0x0000000007b92000 	/System/Library/Frameworks/OpenGL.framework/Versions/A/Libraries/libCVMSPluginSupport.dylib
0x0000000007b92000 	/System/Library/Frameworks/OpenGL.framework/Versions/A/Libraries/libCoreVMClient.dylib
0x0000000007b92000 	/usr/lib/libcompression.dylib
0x0000000007b92000 	/usr/lib/libcups.2.dylib
0x0000000007b92000 	/System/Library/Frameworks/Kerberos.framework/Versions/A/Kerberos
0x0000000007b92000 	/System/Library/Frameworks/GSS.framework/Versions/A/GSS
0x0000000007b92000 	/usr/lib/libresolv.9.dylib
0x0000000007b92000 	/usr/lib/libiconv.2.dylib
0x0000000007b92000 	/System/Library/PrivateFrameworks/Heimdal.framework/Versions/A/Heimdal
0x0000000007b92000 	/usr/lib/libheimdal-asn1.dylib
0x0000000007b92000 	/System/Library/Frameworks/OpenDirectory.framework/Versions/A/OpenDirectory
0x0000000007b92000 	/System/Library/PrivateFrameworks/CommonAuth.framework/Versions/A/CommonAuth
0x0000000007b92000 	/System/Library/Frameworks/OpenDirectory.framework/Versions/A/Frameworks/CFOpenDirectory.framework/Versions/A/CFOpenDirectory
0x0000000007b92000 	/System/Library/Frameworks/SecurityFoundation.framework/Versions/A/SecurityFoundation
0x0000000007b92000 	/System/Library/PrivateFrameworks/LanguageModeling.framework/Versions/A/LanguageModeling
0x0000000007b92000 	/usr/lib/libmarisa.dylib
0x0000000007b92000 	/usr/lib/libChineseTokenizer.dylib
0x0000000007b92000 	/usr/lib/libcmph.dylib
0x0000000007b92000 	/System/Library/Frameworks/ServiceManagement.framework/Versions/A/ServiceManagement
0x0000000007b92000 	/usr/lib/libxslt.1.dylib
0x0000000007b92000 	/System/Library/Frameworks/Carbon.framework/Versions/A/Frameworks/Ink.framework/Versions/A/Ink
0x0000000007b92000 	/usr/lib/libFosl_dynamic.dylib
0x0000000007b92000 	/System/Library/PrivateFrameworks/FaceCore.framework/Versions/A/FaceCore
0x0000000007b92000 	/System/Library/Frameworks/OpenCL.framework/Versions/A/OpenCL
0x0000000007b92000 	/System/Library/PrivateFrameworks/CrashReporterSupport.framework/Versions/A/CrashReporterSupport
0x0000000007b92000 	/System/Library/PrivateFrameworks/IconServices.framework/Versions/A/IconServices
0x0000000007b92000 	/System/Library/PrivateFrameworks/Apple80211.framework/Versions/A/Apple80211
0x0000000007b92000 	/System/Library/Frameworks/CoreWLAN.framework/Versions/A/CoreWLAN
0x0000000007b92000 	/System/Library/Frameworks/IOBluetooth.framework/Versions/A/IOBluetooth
0x0000000007b92000 	/System/Library/PrivateFrameworks/CoreWiFi.framework/Versions/A/CoreWiFi
0x0000000007b92000 	/System/Library/Frameworks/CoreBluetooth.framework/Versions/A/CoreBluetooth
0x0000000007b92000 	/System/Library/PrivateFrameworks/ChunkingLibrary.framework/Versions/A/ChunkingLibrary
0x0000000007b92000 	/System/Library/PrivateFrameworks/DebugSymbols.framework/Versions/A/DebugSymbols
0x0000000007b92000 	/System/Library/PrivateFrameworks/CoreSymbolication.framework/Versions/A/CoreSymbolication
0x0000000007b92000 	/System/Library/PrivateFrameworks/Symbolication.framework/Versions/A/Symbolication
0x0000000007b92000 	/System/Library/PrivateFrameworks/SpeechRecognitionCore.framework/Versions/A/SpeechRecognitionCore
0x0000000104a00000 	/Library/Java/JavaVirtualMachines/jdk1.8.0_112.jdk/Contents/Home/jre/lib/server/libjvm.dylib
0x0000000007b92000 	/usr/lib/libstdc++.6.dylib
0x000000010384b000 	/Library/Java/JavaVirtualMachines/jdk1.8.0_112.jdk/Contents/Home/jre/lib/libverify.dylib
0x0000000103859000 	/Library/Java/JavaVirtualMachines/jdk1.8.0_112.jdk/Contents/Home/jre/lib/libjava.dylib
0x0000000103898000 	/Library/Java/JavaVirtualMachines/jdk1.8.0_112.jdk/Contents/Home/jre/lib/libzip.dylib
0x00000001039e2000 	/System/Library/Frameworks/JavaVM.framework/Frameworks/JavaRuntimeSupport.framework/JavaRuntimeSupport
0x00000001208ee000 	/System/Library/Frameworks/JavaVM.framework/Versions/A/Frameworks/JavaNativeFoundation.framework/Versions/A/JavaNativeFoundation
0x0000000120903000 	/System/Library/Frameworks/JavaVM.framework/Versions/A/JavaVM
0x0000000007b92000 	/System/Library/Frameworks/Carbon.framework/Versions/A/Carbon
0x0000000120910000 	/System/Library/PrivateFrameworks/JavaLaunching.framework/Versions/A/JavaLaunching
0x0000000007b92000 	/System/Library/Frameworks/Carbon.framework/Versions/A/Frameworks/CommonPanels.framework/Versions/A/CommonPanels
0x0000000007b92000 	/System/Library/Frameworks/Carbon.framework/Versions/A/Frameworks/Help.framework/Versions/A/Help
0x0000000007b92000 	/System/Library/Frameworks/Carbon.framework/Versions/A/Frameworks/ImageCapture.framework/Versions/A/ImageCapture
0x0000000007b92000 	/System/Library/Frameworks/Carbon.framework/Versions/A/Frameworks/OpenScripting.framework/Versions/A/OpenScripting
0x0000000007b92000 	/System/Library/Frameworks/Carbon.framework/Versions/A/Frameworks/Print.framework/Versions/A/Print
0x0000000007b92000 	/System/Library/Frameworks/Carbon.framework/Versions/A/Frameworks/SecurityHI.framework/Versions/A/SecurityHI
0x0000000122301000 	/Library/Java/JavaVirtualMachines/jdk1.8.0_112.jdk/Contents/Home/jre/lib/libprism_es2.dylib
0x0000000007b92000 	/System/Library/Frameworks/OpenGL.framework/Versions/A/Resources/GLEngine.bundle/GLEngine
0x0000000007b92000 	/System/Library/Frameworks/OpenGL.framework/Versions/A/Libraries/libGLProgrammability.dylib
0x00000001224ff000 	/System/Library/Extensions/AppleIntelHD5000GraphicsGLDriver.bundle/Contents/MacOS/AppleIntelHD5000GraphicsGLDriver
0x0000000007b92000 	/System/Library/PrivateFrameworks/GPUSupport.framework/Versions/A/Libraries/libGPUSupportMercury.dylib
0x0000000007b92000 	/System/Library/Frameworks/OpenGL.framework/Versions/A/Resources/GLRendererFloat.bundle/GLRendererFloat
0x0000000007b92000 	/System/Library/Frameworks/OpenCL.framework/Versions/A/Libraries/libcldcpuengine.dylib
0x0000000007b92000 	/System/Library/PrivateFrameworks/DiskImages.framework/Versions/A/DiskImages
0x0000000007b92000 	/System/Library/Frameworks/DiscRecording.framework/Versions/A/DiscRecording
0x0000000007b92000 	/usr/lib/libcsfde.dylib
0x0000000007b92000 	/usr/lib/libcurl.4.dylib
0x0000000007b92000 	/System/Library/PrivateFrameworks/MediaKit.framework/Versions/A/MediaKit
0x0000000007b92000 	/System/Library/PrivateFrameworks/ProtectedCloudStorage.framework/Versions/A/ProtectedCloudStorage
0x0000000007b92000 	/usr/lib/libCoreStorage.dylib
0x0000000007b92000 	/System/Library/PrivateFrameworks/EFILogin.framework/Versions/A/EFILogin
0x0000000007b92000 	/usr/lib/libutil.dylib
0x0000000007b92000 	/System/Library/PrivateFrameworks/FindMyDevice.framework/Versions/A/FindMyDevice
0x0000000007b92000 	/System/Library/Frameworks/LDAP.framework/Versions/A/LDAP
0x0000000007b92000 	/usr/lib/libsasl2.2.dylib
0x0000000007b92000 	/System/Library/PrivateFrameworks/CoreDaemon.framework/Versions/B/CoreDaemon
0x0000000007b92000 	/usr/lib/libcrypto.0.9.8.dylib
0x0000000007b92000 	/System/Library/PrivateFrameworks/AppleSRP.framework/Versions/A/AppleSRP
0x0000000007b92000 	/System/Library/PrivateFrameworks/TrustEvaluationAgent.framework/Versions/A/TrustEvaluationAgent
0x0000000123081000 	/Library/Java/JavaVirtualMachines/jdk1.8.0_112.jdk/Contents/Home/jre/lib/libglass.dylib
0x0000000007b92000 	/System/Library/PrivateFrameworks/CoreServicesInternal.framework/Versions/A/CoreServicesInternal
0x0000000007b92000 	/System/Library/CoreServices/RawCamera.bundle/Contents/MacOS/RawCamera
0x0000000007b92000 	/System/Library/Frameworks/CoreGraphics.framework/Versions/A/Resources/libRIP.A.dylib
0x0000000007b92000 	/System/Library/Frameworks/Accelerate.framework/Versions/A/Frameworks/vImage.framework/Versions/A/Libraries/libCGInterfaces.dylib
0x0000000007b92000 	/System/Library/PrivateFrameworks/FamilyControls.framework/Versions/A/FamilyControls
0x0000000007b92000 	/System/Library/PrivateFrameworks/CommerceKit.framework/Versions/A/Frameworks/CommerceCore.framework/Versions/A/CommerceCore
0x0000000007b92000 	/System/Library/PrivateFrameworks/SystemAdministration.framework/Versions/A/SystemAdministration
0x0000000007b92000 	/System/Library/PrivateFrameworks/AppContainer.framework/Versions/A/AppContainer
0x0000000007b92000 	/System/Library/PrivateFrameworks/SecCodeWrapper.framework/Versions/A/SecCodeWrapper
0x0000000007b92000 	/System/Library/Frameworks/DirectoryService.framework/Versions/A/DirectoryService
0x0000000007b92000 	/System/Library/PrivateFrameworks/LoginUIKit.framework/Versions/A/Frameworks/LoginUICore.framework/Versions/A/LoginUICore
0x0000000007b92000 	/usr/lib/libodfde.dylib
0x000000012672d000 	/Library/Java/JavaVirtualMachines/jdk1.8.0_112.jdk/Contents/Home/jre/lib/libjavafx_font.dylib
0x0000000007b92000 	/System/Library/Frameworks/CoreGraphics.framework/Versions/A/Resources/libCGXType.A.dylib
0x0000000126038000 	cl_kernels
0x0000000007b92000 	/System/Library/Frameworks/OpenCL.framework/Versions/A/Libraries/ImageFormats/unorm8_bgra.dylib
0x0000000007b92000 	/System/Library/Frameworks/OpenCL.framework/Versions/A/Libraries/ImageFormats/unorm8_rgba.dylib
0x0000000126290000 	/Library/Java/JavaVirtualMachines/jdk1.8.0_112.jdk/Contents/Home/jre/lib/libprism_common.dylib
0x000000012c57f000 	/System/Library/Extensions/AppleIntelHD5000GraphicsMTLDriver.bundle/Contents/MacOS/AppleIntelHD5000GraphicsMTLDriver
0x000000012d93c000 	/private/var/folders/x2/tld4kr251sj9hcp0tg409g_00000gn/T/sqlite-3.21.0.1-420a919b-634c-43a9-9a82-53426c2a6fd5-libsqlitejdbc.jnilib
0x0000000127406000 	/Library/Java/JavaVirtualMachines/jdk1.8.0_112.jdk/Contents/Home/jre/lib/libnet.dylib
0x000000012dab5000 	/Library/Java/JavaVirtualMachines/jdk1.8.0_112.jdk/Contents/Home/jre/lib/libnio.dylib

VM Arguments:
java_command: /Users/stephane/Documents/DRIVE.GOOGLE.MyDrive/DEVELOP/Java/NetBeansProjects/mavenJavaFX05/target/mavenJavaFX05-1.0-SNAPSHOT.jar
java_class_path (initial): /Users/stephane/Documents/DRIVE.GOOGLE.MyDrive/DEVELOP/Java/NetBeansProjects/mavenJavaFX05/target/mavenJavaFX05-1.0-SNAPSHOT.jar
Launcher Type: SUN_STANDARD

Environment Variables:
JAVA_HOME=/Library/Java/JavaVirtualMachines/jdk1.8.0_112.jdk/Contents/Home
PATH=/usr/bin:/bin:/usr/sbin:/sbin
SHELL=/bin/bash

Signal Handlers:
SIGSEGV: [libjvm.dylib+0x5b11a5], sa_mask[0]=11111111011111110111111111111111, sa_flags=SA_ONSTACK|SA_RESTART|SA_SIGINFO
SIGBUS: [libjvm.dylib+0x5b11a5], sa_mask[0]=11111111011111110111111111111111, sa_flags=SA_RESTART|SA_SIGINFO
SIGFPE: [libjvm.dylib+0x487dc0], sa_mask[0]=11111111011111110111111111111111, sa_flags=SA_RESTART|SA_SIGINFO
SIGPIPE: [libjvm.dylib+0x487dc0], sa_mask[0]=11111111011111110111111111111111, sa_flags=SA_RESTART|SA_SIGINFO
SIGXFSZ: [libjvm.dylib+0x487dc0], sa_mask[0]=11111111011111110111111111111111, sa_flags=SA_RESTART|SA_SIGINFO
SIGILL: [libjvm.dylib+0x487dc0], sa_mask[0]=11111111011111110111111111111111, sa_flags=SA_RESTART|SA_SIGINFO
SIGUSR1: SIG_DFL, sa_mask[0]=11011111011111100000000111000110, sa_flags=none
SIGUSR2: [libjvm.dylib+0x4878de], sa_mask[0]=00100000000000000000000000000000, sa_flags=SA_RESTART|SA_SIGINFO
SIGHUP: [libjvm.dylib+0x485eb5], sa_mask[0]=11111111011111110111111111111111, sa_flags=SA_RESTART|SA_SIGINFO
SIGINT: SIG_IGN, sa_mask[0]=00000000000000000000000000000000, sa_flags=none
SIGTERM: [libjvm.dylib+0x485eb5], sa_mask[0]=11111111011111110111111111111111, sa_flags=SA_RESTART|SA_SIGINFO
SIGQUIT: [libjvm.dylib+0x485eb5], sa_mask[0]=11111111011111110111111111111111, sa_flags=SA_RESTART|SA_SIGINFO


---------------  S Y S T E M  ---------------

OS:Bsduname:Darwin 15.5.0 Darwin Kernel Version 15.5.0: Tue Apr 19 18:36:36 PDT 2016; root:xnu-3248.50.21~8/RELEASE_X86_64 x86_64
rlimit: STACK 8192k, CORE 0k, NPROC 709, NOFILE 10240, AS infinity
load average:3.27 2.88 2.66

CPU:total 8 (4 cores per cpu, 2 threads per core) family 6 model 70 stepping 1, cmov, cx8, fxsr, mmx, sse, sse2, sse3, ssse3, sse4.1, sse4.2, popcnt, avx, avx2, aes, clmul, erms, lzcnt, ht, tsc, tscinvbit, bmi1, bmi2

Memory: 4k page, physical 16777216k(557120k free)

/proc/meminfo:


vm_info: Java HotSpot(TM) 64-Bit Server VM (25.112-b16) for bsd-amd64 JRE (1.8.0_112-b16), built on Sep 30 2016 22:41:41 by "java_re" with gcc 4.2.1 (Based on Apple Inc. build 5658) (LLVM build 2336.11.00)

time: Sat Jan 27 19:03:17 2018
elapsed time: 11 seconds (0d 0h 0m 11s)

